2025-01-02 21:11:37 - Starting update process for container: template
2025-01-02 21:11:37 - Starting config_mng.sh...
2025-01-02 21:11:37 - config_mng.sh FAILED. Exit code: 126. Output: update.sh: line 25: /home/Jonatan/Nelly/containers/template/update_scripts/config_mng.sh: Permission denied
2025-01-02 21:11:37 - Update process terminated at config_mng.sh
2025-01-02 21:20:31 - Starting update process for container: template
2025-01-02 21:20:31 - Checking permissions for scripts in /home/Jonatan/Nelly/containers/template/update_scripts...
2025-01-02 21:20:31 - Updated execute permission for /home/Jonatan/Nelly/containers/template/update_scripts/config_mng.sh.
2025-01-02 21:20:31 - Updated execute permission for /home/Jonatan/Nelly/containers/template/update_scripts/update_app.sh.
2025-01-02 21:20:31 - Starting config_mng.sh...
2025-01-02 21:20:31 - config_mng.sh FAILED. Exit code: 1. Output: 2025-01-02 21:20:31 - Error: Nelly_config.json not found at /home/Jonatan/Nelly/containers/Nelly_config.json.
2025-01-02 21:20:31 - Update process terminated at config_mng.sh
2025-01-02 21:23:38 - Starting update process for container: template
2025-01-02 21:23:38 - Checking permissions for scripts in /home/Jonatan/Nelly/containers/template/update_scripts...
2025-01-02 21:23:38 - Starting config_mng.sh...
2025-01-02 21:23:38 - config_mng.sh FAILED. Exit code: 1. Output: 2025-01-02 21:23:38 - Error: Nelly_config.json not found at /home/Jonatan/Nelly/containers/Nelly_config.json.
2025-01-02 21:23:38 - Update process terminated at config_mng.sh
2025-01-02 21:25:49 - Starting update process for container: template
2025-01-02 21:25:49 - Checking permissions for scripts in /home/Jonatan/Nelly/containers/template/update_scripts...
2025-01-02 21:25:49 - Starting config_mng.sh...
2025-01-02 21:25:49 - config_mng.sh FAILED. Exit code: 1. Output: SCRIPT_DIR
ROOT_DIR
test
2025-01-02 21:25:49 - Error: Validation schema file not found at /home/Jonatan/Nelly/containers/template/update_scripts/config_schema.json.
2025-01-02 21:25:49 - Update process terminated at config_mng.sh
2025-01-02 21:26:08 - Starting update process for container: template
2025-01-02 21:26:08 - Checking permissions for scripts in /home/Jonatan/Nelly/containers/template/update_scripts...
2025-01-02 21:26:08 - Starting config_mng.sh...
2025-01-02 21:26:08 - config_mng.sh FAILED. Exit code: 1. Output: /home/Jonatan/Nelly/containers/template/update_scripts
/home/Jonatan/Nelly/containers/..

2025-01-02 21:26:08 - Error: Validation schema file not found at /home/Jonatan/Nelly/containers/template/update_scripts/config_schema.json.
2025-01-02 21:26:08 - Update process terminated at config_mng.sh
2025-01-02 21:26:54 - Starting update process for container: template
2025-01-02 21:26:54 - Checking permissions for scripts in /home/Jonatan/Nelly/containers/template/update_scripts...
2025-01-02 21:26:54 - Starting config_mng.sh...
2025-01-02 21:26:54 - config_mng.sh FAILED. Exit code: 1. Output: =========
/home/Jonatan/Nelly/containers/template/update_scripts
/home/Jonatan/Nelly/containers/..
=========
2025-01-02 21:26:54 - Error: Validation schema file not found at /home/Jonatan/Nelly/containers/template/update_scripts/config_schema.json.
2025-01-02 21:26:54 - Update process terminated at config_mng.sh
2025-01-02 21:28:28 - Starting update process for container: template
2025-01-02 21:28:28 - Checking permissions for scripts in /home/Jonatan/Nelly/containers/template/update_scripts...
2025-01-02 21:28:28 - Starting config_mng.sh...
2025-01-02 21:28:28 - config_mng.sh FAILED. Exit code: 1. Output: \n=========
/home/Jonatan/Nelly/containers/template/update_scripts
/home/Jonatan/Nelly/containers/..
/home/Jonatan/Nelly/containers/../Nelly_config.json
=========
2025-01-02 21:28:28 - Error: Validation schema file not found at /home/Jonatan/Nelly/containers/template/update_scripts/config_schema.json.
2025-01-02 21:28:28 - Update process terminated at config_mng.sh
2025-01-02 21:30:03 - Starting update process for container: template
2025-01-02 21:30:03 - Checking permissions for scripts in /home/Jonatan/Nelly/containers/template/update_scripts...
2025-01-02 21:30:03 - Starting config_mng.sh...
2025-01-02 21:30:03 - config_mng.sh FAILED. Exit code: 1. Output: 2025-01-02 21:30:03 - Error: Nelly_config.json not found at /home/Jonatan/Nelly/containers/Nelly_config.json.
2025-01-02 21:30:03 - Update process terminated at config_mng.sh
2025-01-02 21:37:45 - Starting update process for container: template
2025-01-02 21:37:45 - Checking permissions for scripts in /home/Jonatan/Nelly/containers/template/update_scripts...
2025-01-02 21:37:45 - Starting config_mng.sh...
2025-01-02 21:37:45 - config_mng.sh completed successfully.
2025-01-02 21:37:45 - Starting update_app.sh...
2025-01-02 21:40:20 - update_app.sh completed successfully.
2025-01-02 21:40:20 - Starting build_docker.sh...
2025-01-02 21:40:20 - build_docker.sh FAILED. Exit code: 127. Output: update.sh: line 36: /home/Jonatan/Nelly/containers/template/update_scripts/build_docker.sh: No such file or directory
2025-01-02 21:40:20 - Update process terminated at build_docker.sh
2025-01-02 21:41:13 - Starting update process for container: template
2025-01-02 21:41:13 - Checking permissions for scripts in /home/Jonatan/Nelly/containers/template/update_scripts...
2025-01-02 21:41:13 - Starting config_mng.sh...
2025-01-02 21:41:13 - config_mng.sh FAILED. Exit code: 1. Output: 2025-01-02 21:41:13 - Synchronizing configurations from Nelly_config.json to config.json...
parse error: Expected another key-value pair at line 4, column 3
2025-01-02 21:41:13 - Error: Failed to update config.json.
2025-01-02 21:41:13 - Update process terminated at config_mng.sh
2025-01-02 21:41:37 - Starting update process for container: template
2025-01-02 21:41:37 - Checking permissions for scripts in /home/Jonatan/Nelly/containers/template/update_scripts...
2025-01-02 21:41:37 - Starting config_mng.sh...
2025-01-02 21:41:37 - config_mng.sh completed successfully.
2025-01-02 21:41:37 - Starting update_app.sh...
2025-01-02 21:43:29 - update_app.sh completed successfully.
2025-01-02 21:43:29 - Starting build_docker.sh...
2025-01-02 21:43:29 - build_docker.sh FAILED. Exit code: 127. Output: update.sh: line 36: /home/Jonatan/Nelly/containers/template/update_scripts/build_docker.sh: No such file or directory
2025-01-02 21:43:29 - Update process terminated at build_docker.sh
2025-01-03 14:43:34 - Starting update process for container: template
2025-01-03 14:43:34 - Checking permissions for scripts in /home/Jonatan/Nelly/containers/template/update_scripts...
2025-01-03 14:43:34 - Starting config_mng.sh...
2025-01-03 14:43:34 - config_mng.sh completed successfully.
2025-01-03 14:43:34 - Starting update_app.sh...
2025-01-03 14:44:25 - update_app.sh completed successfully.
2025-01-03 14:44:25 - Starting build_docker.sh...
2025-01-03 14:44:25 - build_docker.sh FAILED. Exit code: 127. Output: update.sh: line 36: /home/Jonatan/Nelly/containers/template/update_scripts/build_docker.sh: No such file or directory
2025-01-03 14:44:25 - Update process terminated at build_docker.sh
2025-01-03 14:46:30 - Starting update process for container: template
2025-01-03 14:46:30 - Checking permissions for scripts in /home/Jonatan/Nelly/containers/template/update_scripts...
2025-01-03 14:46:30 - Starting config_mng.sh...
2025-01-03 14:46:30 - config_mng.sh completed successfully.
2025-01-03 14:46:30 - Starting update_app.sh...
2025-01-03 14:46:54 - update_app.sh completed successfully.
2025-01-03 14:46:54 - Starting build_docker.sh...
2025-01-03 14:46:54 - build_docker.sh FAILED. Exit code: 127. Output: update.sh: line 36: /home/Jonatan/Nelly/containers/template/update_scripts/build_docker.sh: No such file or directory
2025-01-03 14:46:54 - Update process terminated at build_docker.sh
2025-01-03 14:50:02 - Starting update process for container: template
2025-01-03 14:50:02 - Checking permissions for scripts in /home/Jonatan/Nelly/containers/template/update_scripts...
2025-01-03 14:50:02 - Starting config_mng.sh...
2025-01-03 14:50:02 - config_mng.sh completed successfully.
2025-01-03 14:50:02 - Starting update_app.sh...
2025-01-03 14:51:03 - update_app.sh completed successfully.
2025-01-03 14:51:03 - Starting build_docker.sh...
2025-01-03 14:51:03 - build_docker.sh FAILED. Exit code: 127. Output: update.sh: line 36: /home/Jonatan/Nelly/containers/template/update_scripts/build_docker.sh: No such file or directory
2025-01-03 14:51:03 - Update process terminated at build_docker.sh
2025-01-03 14:53:11 - Starting update process for container: template
2025-01-03 14:53:11 - Checking permissions for scripts in /home/Jonatan/Nelly/containers/template/update_scripts...
2025-01-03 14:53:11 - Starting config_mng.sh...
2025-01-03 14:53:11 - config_mng.sh completed successfully.
2025-01-03 14:53:11 - Starting update_app.sh...
2025-01-03 14:53:30 - update_app.sh completed successfully.
2025-01-03 14:53:30 - Starting build_docker.sh...
2025-01-03 14:53:30 - build_docker.sh FAILED. Exit code: 127. Output: update.sh: line 36: /home/Jonatan/Nelly/containers/template/update_scripts/build_docker.sh: No such file or directory
2025-01-03 14:53:30 - Update process terminated at build_docker.sh
2025-01-03 14:54:04 - Starting update process for container: template
2025-01-03 14:54:04 - Checking permissions for scripts in /home/Jonatan/Nelly/containers/template/update_scripts...
2025-01-03 14:54:04 - Starting config_mng.sh...
2025-01-03 14:54:05 - config_mng.sh completed successfully.
2025-01-03 14:54:05 - Starting update_app.sh...
2025-01-03 14:59:37 - Starting update process for container: template
2025-01-03 14:59:37 - Checking permissions for scripts in /home/Jonatan/Nelly/containers/template/update_scripts...
2025-01-03 14:59:37 - Starting config_mng.sh...
====================================
NELLY_CONFIG: /home/Jonatan/Nelly/Nelly_config.json
TARGET_CONFIG: /home/Jonatan/Nelly/containers/template/update_scripts/../def/config.json
====================================
2025-01-03 14:59:37 - Synchronizing configurations from Nelly_config.json to config.json...
2025-01-03 14:59:38 - Configurations synchronized successfully.
2025-01-03 14:59:38 - Configuration management completed successfully.
config_mng SUCCESS
2025-01-03 14:59:38 - config_mng.sh completed successfully.
2025-01-03 14:59:38 - Starting update_app.sh...
Do you want to update the repository content in the app folder? (y/n): 2025-01-03 14:59:45 - Skipped repository content update.
Do you want to update the app-specific config.json in the app folder? (y/n): 2025-01-03 14:59:46 - Skipped app-specific config.json update.
2025-01-03 14:59:46 - Application content update process completed.
SUCCESS
2025-01-03 14:59:46 - update_app.sh completed successfully.
2025-01-03 14:59:46 - Starting build_docker.sh...
update.sh: line 36: /home/Jonatan/Nelly/containers/template/update_scripts/build_docker.sh: No such file or directory
2025-01-03 14:59:46 - build_docker.sh FAILED. Exit code: 0. Output: update.sh: line 36: /home/Jonatan/Nelly/containers/template/update_scripts/build_docker.sh: No such file or directory
2025-01-03 14:59:46 - Update process terminated at build_docker.sh
2025-01-03 15:01:39 - Starting update process for container: template
2025-01-03 15:01:39 - Checking permissions for scripts in /home/Jonatan/Nelly/containers/template/update_scripts...
2025-01-03 15:01:39 - Starting config_mng.sh...
====================================
NELLY_CONFIG: /home/Jonatan/Nelly/Nelly_config.json
TARGET_CONFIG: /home/Jonatan/Nelly/containers/template/update_scripts/../def/config.json
====================================
2025-01-03 15:01:39 - Synchronizing configurations from Nelly_config.json to config.json...
2025-01-03 15:01:40 - Configurations synchronized successfully.
2025-01-03 15:01:40 - Configuration management completed successfully.
config_mng SUCCESS
2025-01-03 15:01:40 - config_mng.sh completed successfully.
2025-01-03 15:01:40 - Starting update_app.sh...
Do you want to update the repository content in the app folder? (y/n): 2025-01-03 15:01:45 - Skipped repository content update.
Do you want to update the app-specific config.json in the app folder? (y/n): 2025-01-03 15:01:45 - Skipped app-specific config.json update.
2025-01-03 15:01:45 - Application content update process completed.
SUCCESS
2025-01-03 15:01:46 - update_app.sh completed successfully.
2025-01-03 15:01:46 - Starting build_docker.sh...
update.sh: line 36: /home/Jonatan/Nelly/containers/template/update_scripts/build_docker.sh: No such file or directory
2025-01-03 15:01:46 - build_docker.sh FAILED. Exit code: 0. Output: update.sh: line 36: /home/Jonatan/Nelly/containers/template/update_scripts/build_docker.sh: No such file or directory
2025-01-03 15:01:46 - Update process terminated at build_docker.sh
2025-01-03 15:02:59 - Starting update process for container: template
2025-01-03 15:02:59 - Checking permissions for scripts in /home/Jonatan/Nelly/containers/template/update_scripts...
2025-01-03 15:02:59 - Starting config_mng.sh...
====================================
NELLY_CONFIG: /home/Jonatan/Nelly/Nelly_config.json
TARGET_CONFIG: /home/Jonatan/Nelly/containers/template/update_scripts/../def/config.json
====================================
2025-01-03 15:02:59 - Synchronizing configurations from Nelly_config.json to config.json...
2025-01-03 15:02:59 - Configurations synchronized successfully.
2025-01-03 15:02:59 - Configuration management completed successfully.
config_mng SUCCESS
EXIT_CODE=0
2025-01-03 15:02:59 - config_mng.sh completed successfully.
2025-01-03 15:02:59 - Starting update_app.sh...
Do you want to update the repository content in the app folder? (y/n): 2025-01-03 15:03:04 - Skipped repository content update.
Do you want to update the app-specific config.json in the app folder? (y/n): 2025-01-03 15:03:04 - Skipped app-specific config.json update.
2025-01-03 15:03:04 - Application content update process completed.
SUCCESS
EXIT_CODE=0
2025-01-03 15:03:04 - update_app.sh completed successfully.
2025-01-03 15:03:04 - Starting build_docker.sh...
update.sh: line 39: /home/Jonatan/Nelly/containers/template/update_scripts/build_docker.sh: No such file or directory
EXIT_CODE=127
2025-01-03 15:03:04 - build_docker.sh FAILED. Exit code: 127. Output: update.sh: line 39: /home/Jonatan/Nelly/containers/template/update_scripts/build_docker.sh: No such file or directory
EXIT_CODE=127
2025-01-03 15:03:04 - Update process terminated at build_docker.sh
2025-01-03 15:03:55 - Starting update process for container: template
2025-01-03 15:03:55 - Checking permissions for scripts in /home/Jonatan/Nelly/containers/template/update_scripts...
2025-01-03 15:03:55 - Starting config_mng.sh...
====================================
NELLY_CONFIG: /home/Jonatan/Nelly/Nelly_config.json
TARGET_CONFIG: /home/Jonatan/Nelly/containers/template/update_scripts/../def/config.json
====================================
2025-01-03 15:03:55 - Synchronizing configurations from Nelly_config.json to config.json...
2025-01-03 15:03:55 - Configurations synchronized successfully.
2025-01-03 15:03:55 - Configuration management completed successfully.
config_mng SUCCESS
EXIT_CODE=0
2025-01-03 15:03:55 - config_mng.sh completed successfully.
2025-01-03 15:03:55 - Starting update_app.sh...
Do you want to update the repository content in the app folder? (y/n): 2025-01-03 15:08:34 - Skipped repository content update.
Do you want to update the app-specific config.json in the app folder? (y/n): 2025-01-03 15:08:35 - Skipped app-specific config.json update.
2025-01-03 15:08:35 - Application content update process completed.
SUCCESS
EXIT_CODE=0
2025-01-03 15:08:35 - update_app.sh completed successfully.
2025-01-03 15:08:35 - Starting manage_docker.sh...
update.sh: line 39: /home/Jonatan/Nelly/containers/template/update_scripts/manage_docker.sh: No such file or directory
EXIT_CODE=127
2025-01-03 15:08:35 - manage_docker.sh FAILED. Exit code: 127. Output: update.sh: line 39: /home/Jonatan/Nelly/containers/template/update_scripts/manage_docker.sh: No such file or directory
EXIT_CODE=127
2025-01-03 15:08:35 - Update process terminated at manage_docker.sh
2025-01-03 15:08:36 - Starting update process for container: template
2025-01-03 15:08:36 - Checking permissions for scripts in /home/Jonatan/Nelly/containers/template/update_scripts...
2025-01-03 15:08:36 - Starting config_mng.sh...
====================================
NELLY_CONFIG: /home/Jonatan/Nelly/Nelly_config.json
TARGET_CONFIG: /home/Jonatan/Nelly/containers/template/update_scripts/../def/config.json
====================================
2025-01-03 15:08:36 - Synchronizing configurations from Nelly_config.json to config.json...
2025-01-03 15:08:36 - Configurations synchronized successfully.
2025-01-03 15:08:36 - Configuration management completed successfully.
config_mng SUCCESS
2025-01-03 15:08:36 - config_mng.sh completed successfully.
2025-01-03 15:08:36 - Starting update_app.sh...
Do you want to update the repository content in the app folder? (y/n): 2025-01-03 15:11:39 - Skipped repository content update.
Do you want to update the app-specific config.json in the app folder? (y/n): 2025-01-03 15:11:40 - Skipped app-specific config.json update.
2025-01-03 15:11:40 - Application content update process completed.
SUCCESS
2025-01-03 15:11:40 - update_app.sh completed successfully.
2025-01-03 15:11:40 - Starting build_docker.sh...
update.sh: line 36: /home/Jonatan/Nelly/containers/template/update_scripts/build_docker.sh: No such file or directory
2025-01-03 15:11:40 - build_docker.sh completed successfully.
2025-01-03 15:11:40 - Starting manage_docker.sh...
update.sh: line 36: /home/Jonatan/Nelly/containers/template/update_scripts/manage_docker.sh: No such file or directory
2025-01-03 15:11:40 - manage_docker.sh completed successfully.
2025-01-03 15:11:40 - Starting log_cleanup.sh...
update.sh: line 36: /home/Jonatan/Nelly/containers/template/update_scripts/log_cleanup.sh: No such file or directory
2025-01-03 15:11:40 - log_cleanup.sh completed successfully.
2025-01-03 15:11:40 - Update process completed successfully for container: template
2025-01-03 15:11:44 - Starting update process for container: template
2025-01-03 15:11:44 - Checking permissions for scripts in /home/Jonatan/Nelly/containers/template/update_scripts...
2025-01-03 15:11:44 - Starting config_mng.sh...
	====================================
	NELLY_CONFIG: /home/Jonatan/Nelly/Nelly_config.json
	TARGET_CONFIG: /home/Jonatan/Nelly/containers/template/update_scripts/../def/config.json
	====================================
	2025-01-03 15:11:44 - Synchronizing configurations from Nelly_config.json to config.json...
	2025-01-03 15:11:44 - Configurations synchronized successfully.
	2025-01-03 15:11:44 - Configuration management completed successfully.
	config_mng SUCCESS
2025-01-03 15:11:44 - config_mng.sh completed successfully.
2025-01-03 15:11:44 - Starting update_app.sh...
	Do you want to update the repository content in the app folder? (y/n): 2025-01-03 15:13:27 - Skipped repository content update.
	Do you want to update the app-specific config.json in the app folder? (y/n): 2025-01-03 15:13:28 - Skipped app-specific config.json update.
	2025-01-03 15:13:28 - Application content update process completed.
	SUCCESS
2025-01-03 15:13:28 - update_app.sh completed successfully.
2025-01-03 15:13:28 - Starting build_docker.sh...
	update.sh: line 36: /home/Jonatan/Nelly/containers/template/update_scripts/build_docker.sh: No such file or directory
2025-01-03 15:13:28 - build_docker.sh completed successfully.
2025-01-03 15:13:28 - Starting manage_docker.sh...
	update.sh: line 36: /home/Jonatan/Nelly/containers/template/update_scripts/manage_docker.sh: No such file or directory
2025-01-03 15:13:28 - manage_docker.sh completed successfully.
2025-01-03 15:13:28 - Starting log_cleanup.sh...
	update.sh: line 36: /home/Jonatan/Nelly/containers/template/update_scripts/log_cleanup.sh: No such file or directory
2025-01-03 15:13:28 - log_cleanup.sh completed successfully.
2025-01-03 15:13:28 - Update process completed successfully for container: template
2025-01-03 15:13:29 - Starting update process for container: template
2025-01-03 15:13:29 - Checking permissions for scripts in /home/Jonatan/Nelly/containers/template/update_scripts...
2025-01-03 15:13:29 - Starting config_mng.sh...
	Configuration management Started ...
	2025-01-03 15:13:29 - Synchronizing configurations from Nelly_config.json to config.json...
	2025-01-03 15:13:29 - Configurations synchronized successfully.
	2025-01-03 15:13:29 - Configuration management completed successfully.
	SUCCESS
2025-01-03 15:13:29 - config_mng.sh completed successfully.
2025-01-03 15:13:29 - Starting update_app.sh...
2025-01-03 15:14:33 - update_app.sh completed successfully.
	Do you want to update the repository content in the app folder? (y/n): 2025-01-03 15:14:55 - Skipped repository content update.
	Do you want to update the app-specific config.json in the app folder? (y/n): 2025-01-03 15:14:55 - Skipped app-specific config.json update.
	2025-01-03 15:14:55 - Application content update process completed.
	SUCCESS
2025-01-03 15:14:55 - update_app.sh completed successfully.
2025-01-03 15:14:55 - Starting build_docker.sh...
	update.sh: line 36: /home/Jonatan/Nelly/containers/template/update_scripts/build_docker.sh: No such file or directory
2025-01-03 15:14:55 - build_docker.sh completed successfully.
2025-01-03 15:14:55 - Starting manage_docker.sh...
	update.sh: line 36: /home/Jonatan/Nelly/containers/template/update_scripts/manage_docker.sh: No such file or directory
2025-01-03 15:14:55 - manage_docker.sh completed successfully.
2025-01-03 15:14:55 - Starting log_cleanup.sh...
	update.sh: line 36: /home/Jonatan/Nelly/containers/template/update_scripts/log_cleanup.sh: No such file or directory
2025-01-03 15:14:55 - log_cleanup.sh completed successfully.
2025-01-03 15:14:55 - Update process completed successfully for container: template
2025-01-03 15:21:32 - Starting update process for container: template
2025-01-03 15:21:32 - Checking permissions for scripts in /home/Jonatan/Nelly/containers/template/update_scripts...
2025-01-03 15:21:32 - Starting config_mng.sh...
	Configuration management Started ...
	2025-01-03 15:21:32 - Synchronizing configurations from Nelly_config.json to config.json...
	2025-01-03 15:21:32 - Configurations synchronized successfully.
	2025-01-03 15:21:32 - Configuration management completed successfully.
	SUCCESS
2025-01-03 15:21:32 - config_mng.sh completed successfully.
2025-01-03 15:21:32 - Starting update_app.sh...
	Do you want to update the repository content in the app folder? (y/n): 2025-01-03 15:21:35 - Skipped repository content update.
	Do you want to update the app-specific config.json in the app folder? (y/n): 2025-01-03 15:21:36 - Skipped app-specific config.json update.
	2025-01-03 15:21:36 - Application content update process completed.
	SUCCESS
2025-01-03 15:21:52 - update_app.sh completed successfully.
2025-01-03 15:21:52 - Starting build_docker.sh...
2025-01-03 15:21:52 - Error: Script build_docker.sh does not exist at /home/Jonatan/Nelly/containers/template/update_scripts/build_docker.sh.
2025-01-03 15:21:52 - Update process terminated at build_docker.sh
2025-01-06 17:42:12 - Starting update process for container: template
2025-01-06 17:42:12 - Checking permissions for scripts in /home/Jonatan/Nelly/containers/template/update_scripts...
2025-01-06 17:42:12 - Starting config_mng.sh...
	Configuration management Started ...
	2025-01-06 17:42:12 - Synchronizing configurations from Nelly_config.json to config.json...
	2025-01-06 17:42:12 - Configurations synchronized successfully.
	2025-01-06 17:42:12 - Configuration management completed successfully.
	SUCCESS
2025-01-06 17:42:12 - config_mng.sh completed successfully.
2025-01-06 17:42:12 - Starting update_app.sh...
	Do you want to update the repository content in the app folder? (y/n): 2025-01-06 17:42:21 - Skipped repository content update.
	Do you want to update the app-specific config.json in the app folder? (y/n): 2025-01-06 17:42:22 - Skipped app-specific config.json update.
	2025-01-06 17:42:22 - Application content update process completed.
	SUCCESS
2025-01-06 17:42:26 - update_app.sh completed successfully.
2025-01-06 17:42:26 - Starting build_docker.sh...
2025-01-06 17:42:26 - Error: Script build_docker.sh does not exist at /home/Jonatan/Nelly/containers/template/update_scripts/build_docker.sh.
2025-01-06 17:42:26 - Update process terminated at build_docker.sh
2025-01-06 18:09:18 - Starting update process for container: template
2025-01-06 18:09:18 - Checking permissions for scripts in /home/Jonatan/Nelly/containers/template/update_scripts...
2025-01-06 18:09:18 - Starting config_mng.sh...
	Configuration management Started ...
	2025-01-06 18:09:18 - Synchronizing configurations from Nelly_config.json to config.json...
	2025-01-06 18:09:19 - Configurations synchronized successfully.
	2025-01-06 18:09:19 - Configuration management completed successfully.
	SUCCESS
2025-01-06 18:09:19 - config_mng.sh completed successfully.
2025-01-06 18:09:19 - Starting update_app.sh...
	Do you want to update the repository content in the app folder? (y/n): 2025-01-06 18:09:37 - Skipped repository content update.
	Do you want to update the app-specific config.json in the app folder? (y/n): 2025-01-06 18:09:38 - Skipped app-specific config.json update.
	2025-01-06 18:09:38 - Application content update process completed.
	SUCCESS
2025-01-06 18:09:44 - update_app.sh completed successfully.
2025-01-06 18:09:44 - Starting build_docker.sh...
2025-01-06 18:09:44 - Error: Script build_docker.sh does not exist at /home/Jonatan/Nelly/containers/template/update_scripts/build_docker.sh.
2025-01-06 18:09:44 - Update process terminated at build_docker.sh
2025-01-06 18:11:02 - Starting update process for container: template
2025-01-06 18:11:02 - Checking permissions for scripts in /home/Jonatan/Nelly/containers/template/update_scripts...
2025-01-06 18:11:02 - Starting config_mng.sh...
	Configuration management Started ...
	2025-01-06 18:11:02 - Synchronizing configurations from Nelly_config.json to config.json...
	2025-01-06 18:11:02 - Configurations synchronized successfully.
	2025-01-06 18:11:02 - Configuration management completed successfully.
	SUCCESS
2025-01-06 18:11:02 - config_mng.sh completed successfully.
2025-01-06 18:11:02 - Starting update_app.sh...
	Application update Started ... random 123
	Do you want to update the repository content in the app folder? (y/n): 2025-01-06 18:13:43 - Skipped repository content update.
	Do you want to update the app-specific config.json in the app folder? (y/n): 2025-01-06 18:13:44 - Skipped app-specific config.json update.
	2025-01-06 18:13:44 - Application content update process completed.
	SUCCESS
2025-01-06 18:19:08 - update_app.sh completed successfully.
2025-01-06 18:19:08 - Starting build_docker.sh...
2025-01-06 18:19:08 - Error: Script build_docker.sh does not exist at /home/Jonatan/Nelly/containers/template/update_scripts/build_docker.sh.
2025-01-06 18:19:08 - Update process terminated at build_docker.sh
2025-01-06 18:23:17 - Starting update process for container: template
2025-01-06 18:23:17 - Checking permissions for scripts in /home/Jonatan/Nelly/containers/template/update_scripts...
2025-01-06 18:23:17 - Starting config_mng.sh...
	Configuration management Started ...
	2025-01-06 18:23:17 - Synchronizing configurations from Nelly_config.json to config.json...
	2025-01-06 18:23:17 - Configurations synchronized successfully.
	2025-01-06 18:23:17 - Configuration management completed successfully.
	SUCCESS
2025-01-06 18:23:17 - config_mng.sh completed successfully.
2025-01-06 18:23:17 - Starting update_app.sh...
	Application update Started ... random 123
	Do you want to update the repository content in the app folder? (y/n): 2025-01-06 18:23:24 - Skipped repository content update.
	Do you want to update the app-specific config.json in the app folder? (y/n): 2025-01-06 18:23:24 - Skipped app-specific config.json update.
	2025-01-06 18:23:24 - Application content update process completed.
	SUCCESS
2025-01-06 18:23:24 - update_app.sh completed successfully.
2025-01-06 18:23:24 - Starting build_docker.sh...
	update.sh: line 36: /home/Jonatan/Nelly/containers/template/update_scripts/build_docker.sh: No such file or directory
2025-01-06 18:23:24 - build_docker.sh FAILED. Exit code: 127.
2025-01-06 18:23:24 - Update process terminated at build_docker.sh
2025-01-06 18:24:25 - Starting update process for container: template
2025-01-06 18:24:25 - Checking permissions for scripts in /home/Jonatan/Nelly/containers/template/update_scripts...
2025-01-06 18:24:25 - Starting config_mng.sh...
	Configuration management Started ...
	2025-01-06 18:24:25 - Synchronizing configurations from Nelly_config.json to config.json...
	2025-01-06 18:24:25 - Configurations synchronized successfully.
	2025-01-06 18:24:25 - Configuration management completed successfully.
	SUCCESS
2025-01-06 18:24:26 - config_mng.sh completed successfully.
2025-01-06 18:24:26 - Starting update_app.sh...
	Application update Started ... random 123
	Do you want to update the repository content in the app folder? (y/n): 2025-01-06 18:24:30 - Skipped repository content update.
	Do you want to update the app-specific config.json in the app folder? (y/n): 2025-01-06 18:24:30 - Skipped app-specific config.json update.
	2025-01-06 18:24:30 - Application content update process completed.
	SUCCESS
2025-01-06 18:24:37 - update_app.sh completed successfully.
2025-01-06 18:24:37 - Starting build_docker.sh...
2025-01-06 18:24:37 - Error: Script build_docker.sh does not exist at /home/Jonatan/Nelly/containers/template/update_scripts/build_docker.sh.
2025-01-06 18:24:37 - Update process terminated at build_docker.sh
2025-01-06 18:27:01 - Starting update process for container: template
2025-01-06 18:27:01 - Checking permissions for scripts in /home/Jonatan/Nelly/containers/template/update_scripts...
2025-01-06 18:27:01 - Starting config_mng.sh...
	Configuration management Started ...
	2025-01-06 18:27:01 - Synchronizing configurations from Nelly_config.json to config.json...
	2025-01-06 18:27:01 - Configurations synchronized successfully.
	2025-01-06 18:27:01 - Configuration management completed successfully.
	SUCCESS
2025-01-06 18:27:01 - config_mng.sh completed successfully.
2025-01-06 18:27:01 - Starting update_app.sh...
	Application update Started ... random 123
	Do you want to update the repository content in the app folder? (y/n): 2025-01-06 18:27:35 - Skipped repository content update.
	Do you want to update the app-specific config.json in the app folder? (y/n): 2025-01-06 18:27:35 - Skipped app-specific config.json update.
	2025-01-06 18:27:35 - Application content update process completed.
	SUCCESS
2025-01-06 18:29:01 - update_app.sh completed successfully.
2025-01-06 18:29:01 - Starting build_docker.sh...
2025-01-06 18:29:01 - Error: Script build_docker.sh does not exist at /home/Jonatan/Nelly/containers/template/update_scripts/build_docker.sh.
2025-01-06 18:29:01 - Update process terminated at build_docker.sh
2025-01-06 18:29:03 - Starting update process for container: template
2025-01-06 18:29:03 - Checking permissions for scripts in /home/Jonatan/Nelly/containers/template/update_scripts...
2025-01-06 18:29:03 - Starting config_mng.sh...
	Configuration management Started ...
	2025-01-06 18:29:03 - Synchronizing configurations from Nelly_config.json to config.json...
	2025-01-06 18:29:03 - Configurations synchronized successfully.
	2025-01-06 18:29:03 - Configuration management completed successfully.
	SUCCESS
2025-01-06 18:29:03 - config_mng.sh completed successfully.
2025-01-06 18:29:03 - Starting update_app.sh...
	Application update Started ... random 123
	Do you want to update the repository content in the app folder? (y/n): 2025-01-06 18:29:07 - Skipped repository content update.
	Do you want to update the app-specific config.json in the app folder? (y/n): 2025-01-06 18:29:08 - Skipped app-specific config.json update.
	2025-01-06 18:29:08 - Application content update process completed.
	SUCCESS
2025-01-06 18:29:08 - update_app.sh completed successfully.
2025-01-06 18:29:08 - Starting build_docker.sh...
2025-01-06 18:29:08 - Error: Script build_docker.sh does not exist at /home/Jonatan/Nelly/containers/template/update_scripts/build_docker.sh.
2025-01-06 18:29:08 - Update process terminated at build_docker.sh
2025-01-06 18:33:12 - Starting update process for container: template
2025-01-06 18:33:12 - Checking permissions for scripts in /home/Jonatan/Nelly/containers/template/update_scripts...
2025-01-06 18:33:12 - Starting config_mng.sh...
	Configuration management Started ...
	2025-01-06 18:33:12 - Synchronizing configurations from Nelly_config.json to config.json...
	2025-01-06 18:33:12 - Configurations synchronized successfully.
	2025-01-06 18:33:12 - Configuration management completed successfully.
	SUCCESS
2025-01-06 18:33:12 - config_mng.sh completed successfully.
2025-01-06 18:33:12 - Starting update_app.sh...
	Application update Started ... random 123
	Do you want to update the repository content in the app folder? (y/n): 2025-01-06 18:33:37 - Skipped repository content update.
	Do you want to update the app-specific config.json in the app folder? (y/n): 2025-01-06 18:33:37 - Skipped app-specific config.json update.
	2025-01-06 18:33:37 - Application content update process completed.
	SUCCESS
2025-01-06 18:33:37 - update_app.sh completed successfully.
2025-01-06 18:33:38 - Starting update process for container: template
2025-01-06 18:33:38 - Checking permissions for scripts in /home/Jonatan/Nelly/containers/template/update_scripts...
2025-01-06 18:33:38 - Starting config_mng.sh...
2025-01-06 18:33:39 - config_mng.sh completed successfully.
2025-01-06 18:33:39 - Starting update_app.sh...
2025-01-06 18:33:44 - update_app.sh FAILED. Exit code: 1.
2025-01-06 18:33:44 - Update process terminated at update_app.sh
2025-01-06 18:42:25 - Starting update process for container: template
2025-01-06 18:42:25 - Checking permissions for scripts in /home/Jonatan/Nelly/containers/template/update_scripts...
2025-01-06 18:42:25 - Starting config_mng.sh...
2025-01-06 18:42:25 - config_mng.sh completed successfully.
2025-01-06 18:42:25 - Starting update_app.sh...
2025-01-06 18:53:07 - Starting update process for container: template
2025-01-06 18:53:07 - Checking permissions for scripts in /home/Jonatan/Nelly/containers/template/update_scripts...
2025-01-06 18:53:07 - Starting config_mng.sh...
2025-01-06 18:53:07 - config_mng.sh completed successfully.
2025-01-06 18:53:07 - Starting update_app.sh...
2025-01-06 18:53:09 - update_app.sh FAILED. Exit code: 1.
2025-01-06 18:53:09 - Update process terminated at update_app.sh
2025-01-06 19:14:27 - Starting update process for container: template
2025-01-06 19:14:27 - Checking permissions for scripts in /home/Jonatan/Nelly/containers/template/update_scripts...
2025-01-06 19:14:27 - Starting config_mng.sh...
2025-01-06 19:14:27 - config_mng.sh completed successfully.
2025-01-06 19:14:27 - Starting update_app.sh...
2025-01-06 19:14:31 - update_app.sh completed successfully.
2025-01-06 19:14:31 - Starting build_docker.sh...
2025-01-06 19:14:31 - Error: Script build_docker.sh does not exist at /home/Jonatan/Nelly/containers/template/update_scripts/build_docker.sh.
2025-01-06 19:14:31 - Update process terminated at build_docker.sh
2025-01-15 19:55:18 - Starting update process for container: template
2025-01-15 19:55:18 - Checking permissions for scripts in /home/Jonatan/Nelly/containers/template/update_scripts...
2025-01-15 19:55:18 - Starting config_mng.sh...
2025-01-15 19:55:18 - config_mng.sh completed successfully.
2025-01-15 19:55:18 - Starting update_app.sh...
2025-01-15 19:55:26 - update_app.sh completed successfully.
2025-01-15 19:55:26 - Starting build_docker.sh...
2025-01-15 19:55:26 - Error: Script build_docker.sh does not exist at /home/Jonatan/Nelly/containers/template/update_scripts/build_docker.sh.
2025-01-15 19:55:26 - Update process terminated at build_docker.sh
2025-01-15 20:17:39 - Starting update process for container: template
2025-01-15 20:17:39 - Checking permissions for scripts in /home/Jonatan/Nelly/containers/template/update_scripts...
2025-01-15 20:17:39 - Updated execute permission for /home/Jonatan/Nelly/containers/template/update_scripts/build_docker.sh.
2025-01-15 20:17:39 - Starting config_mng.sh...
2025-01-15 20:17:40 - config_mng.sh completed successfully.
2025-01-15 20:17:40 - Starting update_app.sh...
2025-01-15 20:17:44 - update_app.sh completed successfully.
2025-01-15 20:17:44 - Starting build_docker.sh...
2025-01-15 20:17:47 - build_docker.sh FAILED. Exit code: 1.
2025-01-15 20:17:47 - Update process terminated at build_docker.sh
2025-01-15 20:24:01 - Starting update process for container: template
2025-01-15 20:24:01 - Checking permissions for scripts in /home/Jonatan/Nelly/containers/template/update_scripts...
2025-01-15 20:24:01 - Starting config_mng.sh...
2025-01-15 20:24:01 - config_mng.sh completed successfully.
2025-01-15 20:24:01 - Starting update_app.sh...
2025-01-15 20:24:03 - update_app.sh completed successfully.
2025-01-15 20:24:03 - Starting build_docker.sh...
2025-01-15 20:27:37 - build_docker.sh FAILED. Exit code: 1.
2025-01-15 20:27:37 - Update process terminated at build_docker.sh
2025-01-15 21:36:37 - Starting update process for container: template
2025-01-15 21:36:37 - Checking permissions for scripts in /home/Jonatan/Nelly/containers/template/update_scripts...
2025-01-15 21:36:37 - Starting config_mng.sh...
2025-01-15 21:36:37 - config_mng.sh completed successfully.
2025-01-15 21:36:37 - Starting update_app.sh...
2025-01-15 21:36:39 - update_app.sh completed successfully.
2025-01-15 21:36:39 - Starting build_docker.sh...
2025-01-15 21:36:42 - build_docker.sh FAILED. Exit code: 1.
2025-01-15 21:36:42 - Update process terminated at build_docker.sh
2025-01-15 21:40:58 - Starting update process for container: template
2025-01-15 21:40:58 - Checking permissions for scripts in /home/Jonatan/Nelly/containers/template/update_scripts...
2025-01-15 21:40:58 - Starting config_mng.sh...
2025-01-15 21:40:58 - config_mng.sh completed successfully.
2025-01-15 21:40:58 - Starting update_app.sh...
2025-01-15 21:40:59 - update_app.sh completed successfully.
2025-01-15 21:40:59 - Starting build_docker.sh...
2025-01-15 21:48:07 - build_docker.sh completed successfully.
2025-01-15 21:48:07 - Starting manage_docker.sh...
2025-01-15 21:48:07 - Error: Script manage_docker.sh does not exist at /home/Jonatan/Nelly/containers/template/update_scripts/manage_docker.sh.
2025-01-15 21:48:07 - Update process terminated at manage_docker.sh
2025-01-16 16:37:53 - Starting update process for container: template
2025-01-16 16:37:53 - Checking permissions for scripts in /home/Jonatan/Nelly/containers/template/update_scripts...
2025-01-16 16:37:53 - Updated execute permission for /home/Jonatan/Nelly/containers/template/update_scripts/log_cleeanup.sh.
2025-01-16 16:37:53 - Updated execute permission for /home/Jonatan/Nelly/containers/template/update_scripts/manage_docker.sh.
2025-01-16 16:37:53 - Starting config_mng.sh...
2025-01-16 16:37:53 - config_mng.sh completed successfully.
2025-01-16 16:37:53 - Starting update_app.sh...
2025-01-16 16:37:56 - update_app.sh completed successfully.
2025-01-16 16:37:56 - Starting build_docker.sh...
2025-01-16 16:45:11 - build_docker.sh completed successfully.
2025-01-16 16:45:11 - Starting manage_docker.sh...
2025-01-16 16:45:12 - manage_docker.sh FAILED. Exit code: 1.
2025-01-16 16:45:12 - Update process terminated at manage_docker.sh
2025-01-18 15:10:38 - Starting update process for container: template
2025-01-18 15:10:38 - Checking permissions for scripts in /home/Jonatan/Nelly/containers/template/update_scripts...
2025-01-18 15:10:38 - Starting config_mng.sh...
2025-01-18 15:10:38 - config_mng.sh completed successfully.
2025-01-18 15:10:38 - Starting update_app.sh...
2025-01-18 15:10:40 - update_app.sh completed successfully.
2025-01-18 15:10:40 - Starting build_docker.sh...
2025-01-18 15:17:08 - build_docker.sh completed successfully.
2025-01-18 15:17:08 - Starting manage_docker.sh...
2025-01-18 15:17:08 - manage_docker.sh FAILED. Exit code: 1.
2025-01-18 15:17:08 - Update process terminated at manage_docker.sh
2025-01-18 15:57:09 - Starting update process for container: template
2025-01-18 15:57:09 - Checking permissions for scripts in /home/Jonatan/Nelly/containers/template/update_scripts...
2025-01-18 15:57:09 - Starting config_mng.sh...
2025-01-18 15:57:09 - config_mng.sh completed successfully.
2025-01-18 15:57:09 - Starting update_app.sh...
2025-01-18 15:57:11 - update_app.sh completed successfully.
2025-01-18 15:57:11 - Starting build_docker.sh...
2025-01-18 16:05:07 - build_docker.sh completed successfully.
2025-01-18 16:05:07 - Starting manage_docker.sh...
2025-01-18 16:05:07 - manage_docker.sh FAILED. Exit code: 1.
2025-01-18 16:05:07 - Update process terminated at manage_docker.sh
2025-01-20 12:06:17 - Starting update process for container: template
2025-01-20 12:06:17 - Checking permissions for scripts in /home/Jonatan/Nelly/containers/template/update_scripts...
2025-01-20 12:06:17 - Starting config_mng.sh...
2025-01-20 12:06:17 - config_mng.sh completed successfully.
2025-01-20 12:06:17 - Starting update_app.sh...
2025-01-20 12:06:19 - update_app.sh completed successfully.
2025-01-20 12:06:19 - Starting build_docker.sh...
2025-01-20 12:07:57 - build_docker.sh FAILED. Exit code: 1.
2025-01-20 12:07:57 - Update process terminated at build_docker.sh
2025-01-20 12:10:40 - Starting update process for container: template
2025-01-20 12:10:40 - Checking permissions for scripts in /home/Jonatan/Nelly/containers/template/update_scripts...
2025-01-20 12:10:40 - Starting config_mng.sh...
2025-01-20 12:10:40 - config_mng.sh completed successfully.
2025-01-20 12:10:40 - Starting update_app.sh...
2025-01-20 12:10:43 - update_app.sh completed successfully.
2025-01-20 12:10:43 - Starting build_docker.sh...
2025-01-20 12:13:14 - build_docker.sh completed successfully.
2025-01-20 12:13:14 - Starting manage_docker.sh...
2025-01-20 12:13:14 - manage_docker.sh FAILED. Exit code: 1.
2025-01-20 12:13:14 - Update process terminated at manage_docker.sh
2025-01-20 12:19:50 - Starting update process for container: template
2025-01-20 12:19:50 - Checking permissions for scripts in /home/Jonatan/Nelly/containers/template/update_scripts...
2025-01-20 12:19:50 - Starting config_mng.sh...
2025-01-20 12:19:51 - config_mng.sh completed successfully.
2025-01-20 12:19:51 - Starting update_app.sh...
2025-01-20 12:19:52 - update_app.sh completed successfully.
2025-01-20 12:19:52 - Starting build_docker.sh...
2025-01-20 12:22:33 - build_docker.sh completed successfully.
2025-01-20 12:22:33 - Starting manage_docker.sh...
2025-01-20 12:22:34 - manage_docker.sh FAILED. Exit code: 1.
2025-01-20 12:22:34 - Update process terminated at manage_docker.sh
2025-01-20 12:42:15 - Starting update process for container: template
2025-01-20 12:42:15 - Checking permissions for scripts in /home/Jonatan/Nelly/containers/template/update_scripts...
2025-01-20 12:42:15 - Starting config_mng.sh...
2025-01-20 12:42:15 - config_mng.sh completed successfully.
2025-01-20 12:42:15 - Starting update_app.sh...
2025-01-20 12:42:17 - update_app.sh completed successfully.
2025-01-20 12:42:17 - Starting build_docker.sh...
2025-01-20 12:42:18 - build_docker.sh completed successfully.
2025-01-20 12:42:18 - Starting manage_docker.sh...
2025-01-20 12:42:19 - manage_docker.sh FAILED. Exit code: 1.
2025-01-20 12:42:19 - Update process terminated at manage_docker.sh
2025-01-20 12:43:33 - Starting update process for container: template
2025-01-20 12:43:33 - Checking permissions for scripts in /home/Jonatan/Nelly/containers/template/update_scripts...
2025-01-20 12:43:33 - Starting config_mng.sh...
2025-01-20 12:43:33 - config_mng.sh completed successfully.
2025-01-20 12:43:33 - Starting update_app.sh...
2025-01-20 12:43:37 - update_app.sh completed successfully.
2025-01-20 12:43:37 - Starting build_docker.sh...
2025-01-20 12:43:38 - build_docker.sh completed successfully.
2025-01-20 12:43:38 - Starting manage_docker.sh...
2025-01-20 12:43:38 - manage_docker.sh FAILED. Exit code: 1.
2025-01-20 12:43:38 - Update process terminated at manage_docker.sh
2025-01-20 12:43:49 - Starting update process for container: template
2025-01-20 12:43:49 - Checking permissions for scripts in /home/Jonatan/Nelly/containers/template/update_scripts...
2025-01-20 12:43:49 - Starting config_mng.sh...
2025-01-20 12:43:49 - config_mng.sh completed successfully.
2025-01-20 12:43:49 - Starting update_app.sh...
2025-01-20 12:43:51 - update_app.sh completed successfully.
2025-01-20 12:43:51 - Starting build_docker.sh...
2025-01-20 12:43:51 - build_docker.sh completed successfully.
2025-01-20 12:43:51 - Starting manage_docker.sh...
2025-01-20 12:43:52 - manage_docker.sh FAILED. Exit code: 1.
2025-01-20 12:43:52 - Update process terminated at manage_docker.sh
2025-01-20 12:45:38 - Starting update process for container: template
2025-01-20 12:45:38 - Checking permissions for scripts in /home/Jonatan/Nelly/containers/template/update_scripts...
2025-01-20 12:45:38 - Starting config_mng.sh...
2025-01-20 12:45:39 - config_mng.sh completed successfully.
2025-01-20 12:45:39 - Starting update_app.sh...
2025-01-20 12:45:40 - update_app.sh completed successfully.
2025-01-20 12:45:40 - Starting build_docker.sh...
2025-01-20 12:45:41 - build_docker.sh completed successfully.
2025-01-20 12:45:41 - Starting manage_docker.sh...
2025-01-20 12:45:41 - manage_docker.sh FAILED. Exit code: 1.
2025-01-20 12:45:41 - Update process terminated at manage_docker.sh
2025-01-20 12:46:18 - Starting update process for container: template
2025-01-20 12:46:18 - Checking permissions for scripts in /home/Jonatan/Nelly/containers/template/update_scripts...
2025-01-20 12:46:18 - Starting config_mng.sh...
2025-01-20 12:46:18 - config_mng.sh completed successfully.
2025-01-20 12:46:18 - Starting update_app.sh...
2025-01-20 12:46:20 - update_app.sh completed successfully.
2025-01-20 12:46:20 - Starting build_docker.sh...
2025-01-20 12:46:21 - build_docker.sh completed successfully.
2025-01-20 12:46:21 - Starting manage_docker.sh...
2025-01-20 12:46:22 - manage_docker.sh FAILED. Exit code: 1.
2025-01-20 12:46:22 - Update process terminated at manage_docker.sh
2025-01-20 12:47:23 - Starting update process for container: template
2025-01-20 12:47:23 - Checking permissions for scripts in /home/Jonatan/Nelly/containers/template/update_scripts...
2025-01-20 12:47:23 - Starting config_mng.sh...
2025-01-20 12:47:23 - config_mng.sh completed successfully.
2025-01-20 12:47:23 - Starting update_app.sh...
2025-01-20 12:47:24 - update_app.sh completed successfully.
2025-01-20 12:47:24 - Starting build_docker.sh...
2025-01-20 12:47:26 - build_docker.sh completed successfully.
2025-01-20 12:47:26 - Starting manage_docker.sh...
2025-01-20 12:47:27 - manage_docker.sh completed successfully.
2025-01-20 12:47:27 - Starting log_cleanup.sh...
2025-01-20 12:47:27 - Error: Script log_cleanup.sh does not exist at /home/Jonatan/Nelly/containers/template/update_scripts/log_cleanup.sh.
2025-01-20 12:47:27 - Update process terminated at log_cleanup.sh
2025-01-21 11:52:46 - Using configuration:
2025-01-21 11:52:46 -  - Container Name: tamar_template
2025-01-21 11:52:46 -  - Image Name: test_image
2025-01-21 11:52:46 -  - Network Name: Nelly_Network
2025-01-21 11:52:46 - Starting update process for container: tamar_template
2025-01-21 11:52:46 - Checking permissions for scripts in /home/Jonatan/Nelly/containers/template/update_scripts...
2025-01-21 11:52:46 - Starting config_mng.sh...
Configuration management Started ...
2025-01-21 11:52:46 - Synchronizing configurations from Nelly_config.json to config.json...
2025-01-21 11:52:46 - Configurations synchronized successfully.
2025-01-21 11:52:46 - Configuration management completed successfully.
SUCCESS
2025-01-21 11:52:46 - config_mng.sh completed successfully.
2025-01-21 11:52:46 - Starting update_app.sh...
Starting Application Update...
2025-01-21 11:52:46 - Error: config.json not found at /home/Jonatan/Nelly/containers/template/update_scripts/def/config.json.
2025-01-21 11:52:46 - update_app.sh FAILED. Exit code: 1.
2025-01-21 11:52:46 - Update process terminated at update_app.sh
2025-01-21 11:54:18 - Using configuration:
2025-01-21 11:54:18 -  - Container Name: tamar_template
2025-01-21 11:54:18 -  - Image Name: test_image
2025-01-21 11:54:18 -  - Network Name: Nelly_Network
2025-01-21 11:54:18 - Starting update process for container: tamar_template
2025-01-21 11:54:18 - Checking permissions for scripts in /home/Jonatan/Nelly/containers/template/update_scripts...
2025-01-21 11:54:18 - Starting config_mng.sh...
Configuration management Started ...
2025-01-21 11:54:18 - Synchronizing configurations from Nelly_config.json to config.json...
2025-01-21 11:54:18 - Configurations synchronized successfully.
2025-01-21 11:54:18 - Configuration management completed successfully.
SUCCESS
2025-01-21 11:54:18 - config_mng.sh completed successfully.
2025-01-21 11:54:18 - Starting update_app.sh...
Starting Application Update...
2025-01-21 11:54:18 - Error: config.json not found at /home/Jonatan/Nelly/containers/template/update_scripts/def/config.json.
2025-01-21 11:54:18 - update_app.sh FAILED. Exit code: 1.
2025-01-21 11:54:18 - Update process terminated at update_app.sh
2025-01-21 11:56:08 - Using configuration:
2025-01-21 11:56:08 -    - Container Name: tamar_template
2025-01-21 11:56:08 -    - Image Name: test_image
2025-01-21 11:56:08 -    - Network Name: Nelly_Network
2025-01-21 11:56:08 - Starting update process for container: tamar_template
2025-01-21 11:56:08 - Checking permissions for scripts in /home/Jonatan/Nelly/containers/template/update_scripts...
2025-01-21 11:56:08 - Starting config_mng.sh...
2025-01-21 11:56:08 - Checked if the script exists...
Configuration management Started ...
2025-01-21 11:56:08 - Synchronizing configurations from Nelly_config.json to config.json...
2025-01-21 11:56:08 - Configurations synchronized successfully.
2025-01-21 11:56:08 - Configuration management completed successfully.
SUCCESS
2025-01-21 11:56:08 - config_mng.sh completed successfully.
2025-01-21 11:56:08 - Starting update_app.sh...
2025-01-21 11:56:08 - Checked if the script exists...
Starting Application Update...
2025-01-21 11:56:08 - Error: config.json not found at /home/Jonatan/Nelly/containers/template/update_scripts/def/config.json.
2025-01-21 11:56:08 - update_app.sh FAILED. Exit code: 1.
2025-01-21 11:56:08 - Update process terminated at update_app.sh
2025-01-21 11:56:42 - Using configuration:
2025-01-21 11:56:42 -    - Container Name: tamar_template
2025-01-21 11:56:42 -    - Image Name: test_image
2025-01-21 11:56:42 -    - Network Name: Nelly_Network
2025-01-21 11:56:42 - Starting update process for container: tamar_template
2025-01-21 11:56:42 - Checking permissions for scripts in /home/Jonatan/Nelly/containers/template/update_scripts...
2025-01-21 11:56:42 - Starting config_mng.sh...
2025-01-21 11:56:42 - Checked if the script exists...
Configuration management Started ...
2025-01-21 11:56:42 - Synchronizing configurations from Nelly_config.json to config.json...
2025-01-21 11:56:42 - Configurations synchronized successfully.
2025-01-21 11:56:42 - Configuration management completed successfully.
SUCCESS
2025-01-21 11:56:42 - config_mng.sh completed successfully.
2025-01-21 11:56:42 - Starting update_app.sh...
2025-01-21 11:56:42 - Checked if the script exists...
Starting Application Update...
2025-01-21 11:56:42 - Error: config.json not found at /home/Jonatan/Nelly/containers/template/update_scripts/def/config.json.
2025-01-21 11:56:42 - update_app.sh FAILED. Exit code: 1.
2025-01-21 11:56:42 - Update process terminated at update_app.sh
2025-01-21 11:57:50 - Using configuration:
2025-01-21 11:57:50 -    - Container Name: tamar_template
2025-01-21 11:57:50 -    - Image Name: test_image
2025-01-21 11:57:50 -    - Network Name: Nelly_Network
2025-01-21 11:57:50 - Starting update process for container: tamar_template
2025-01-21 11:57:50 - Checking permissions for scripts in /home/Jonatan/Nelly/containers/template/update_scripts...
2025-01-21 11:57:50 - Starting config_mng.sh...
2025-01-21 11:57:50 - Checked if the script exists...
/home/Jonatan/Nelly/containers/template/update_scripts/config_mng.sh: line 3: log: command not found
2025-01-21 11:57:50 - Synchronizing configurations from Nelly_config.json to config.json...
2025-01-21 11:57:51 - Configurations synchronized successfully.
2025-01-21 11:57:51 - Configuration management completed - SUCCESS.
2025-01-21 11:57:51 - config_mng.sh completed successfully.
2025-01-21 11:57:51 - Starting update_app.sh...
2025-01-21 11:57:51 - Checked if the script exists...
Starting Application Update...
2025-01-21 11:57:51 - Error: config.json not found at /home/Jonatan/Nelly/containers/template/update_scripts/def/config.json.
2025-01-21 11:57:51 - update_app.sh FAILED. Exit code: 1.
2025-01-21 11:57:51 - Update process terminated at update_app.sh
2025-01-21 11:58:33 - Using configuration:
2025-01-21 11:58:33 -    - Container Name: tamar_template
2025-01-21 11:58:33 -    - Image Name: test_image
2025-01-21 11:58:33 -    - Network Name: Nelly_Network
2025-01-21 11:58:33 - Starting update process for container: tamar_template
2025-01-21 11:58:33 - Checking permissions for scripts in /home/Jonatan/Nelly/containers/template/update_scripts...
2025-01-21 11:58:33 - Starting config_mng.sh...
2025-01-21 11:58:33 - Checked if the script exists...
/home/Jonatan/Nelly/containers/template/update_scripts/config_mng.sh: line 3: log: command not found
2025-01-21 11:58:33 - Synchronizing configurations from Nelly_config.json to config.json...
2025-01-21 11:58:33 - Configurations synchronized successfully.
2025-01-21 11:58:33 - Configuration management completed - SUCCESS.
2025-01-21 11:58:33 - config_mng.sh completed successfully.
2025-01-21 11:58:33 - Starting update_app.sh...
2025-01-21 11:58:33 - Checked if the script exists...
Starting Application Update...
Do you want to update the repository content in the app folder? (y/n): 2025-01-21 11:58:46 - Skipped repository content update.
2025-01-21 11:58:46 - Application content update process SUCCESS.
2025-01-21 11:58:46 - update_app.sh completed successfully.
2025-01-21 11:58:46 - Starting build_docker.sh...
2025-01-21 11:58:46 - Checked if the script exists...
Starting Docker image build...
2025-01-21 11:58:47 - Docker image (test_image) already exists.
The image 'test_image' already exists. Do you want to overwrite it? (y/n): 2025-01-21 11:58:48 - Build process aborted by user.
Aborted
2025-01-21 11:58:48 - build_docker.sh completed successfully.
2025-01-21 11:58:48 - Starting manage_docker.sh...
2025-01-21 11:58:48 - Checked if the script exists...
Starting Docker container management...
2025-01-21 11:58:48 - Network (Nelly_Network) already exists.
2025-01-21 11:58:48 - Running Docker container (tamar_template)...
e6dd42dd1cc644bb027c3ded2061417da4875db321175d07c06c4ae48bc9ce05
docker: Error response from daemon: Address already in use.
2025-01-21 11:58:49 - Error: Failed to run the Docker container.
2025-01-21 11:58:49 - manage_docker.sh FAILED. Exit code: 1.
2025-01-21 11:58:49 - Update process terminated at manage_docker.sh
2025-01-21 11:59:40 - Using configuration:
2025-01-21 11:59:40 -    - Container Name: tamar_template
2025-01-21 11:59:40 -    - Image Name: test_image
2025-01-21 11:59:40 -    - Network Name: Nelly_Network
2025-01-21 11:59:40 - Starting update process for container: tamar_template
2025-01-21 11:59:40 - Checking permissions for scripts in /home/Jonatan/Nelly/containers/template/update_scripts...
2025-01-21 11:59:40 - Starting config_mng.sh...
2025-01-21 11:59:40 - Checked if the script exists...
Configuration management Started ...
2025-01-21 11:59:40 - Synchronizing configurations from Nelly_config.json to config.json...
2025-01-21 11:59:40 - Configurations synchronized successfully.
2025-01-21 11:59:40 - Configuration management completed - SUCCESS.
2025-01-21 11:59:40 - config_mng.sh completed successfully.
2025-01-21 11:59:40 - Starting update_app.sh...
2025-01-21 11:59:40 - Checked if the script exists...
Starting Application Update...
Do you want to update the repository content in the app folder? (y/n): 2025-01-21 11:59:54 - Fetching repository content for app (tamar_template) from git@github.com:Jonatan-Gani/tamar_template.git (branch: master)...
2025-01-21 11:59:54 - Cleaning up existing app directory...
2025-01-21 11:59:54 - Cloning repository...
Cloning into '/home/Jonatan/Nelly/containers/template/update_scripts/../temp_repo'...
2025-01-21 11:59:56 - Copying repository content to app folder...
sending incremental file list
./
.gitignore
Read me.txt
Refresh requierment.bat
config.json
requirements.txt
test_table.py

sent 3,701 bytes  received 133 bytes  7,668.00 bytes/sec
total size is 3,224  speedup is 0.84
2025-01-21 11:59:56 - Cleaning up temporary directory...
2025-01-21 11:59:56 - Repository content updated successfully.
2025-01-21 11:59:56 - Application content update process SUCCESS.
2025-01-21 11:59:56 - update_app.sh completed successfully.
2025-01-21 11:59:56 - Starting build_docker.sh...
2025-01-21 11:59:56 - Checked if the script exists...
Starting Docker image build...
2025-01-21 11:59:56 - Docker image (test_image) already exists.
The image 'test_image' already exists. Do you want to overwrite it? (y/n): 2025-01-21 12:00:18 - Proceeding to overwrite the existing image (test_image).
2025-01-21 12:00:18 - Creating temporary Dockerfile...
2025-01-21 12:00:18 - Setting up PROJECT_NAME in Dockerfile...
2025-01-21 12:00:18 - Updating COPY commands in Dockerfile...
2025-01-21 12:00:18 - Adding package installation to Dockerfile...
2025-01-21 12:00:18 - Building Docker image (test_image) with PROJECT_NAME=tamar_template...
#0 building with "default" instance using docker driver

#1 [internal] load build definition from Dockerfile.temp
#1 transferring dockerfile: 1.16kB done
#1 DONE 0.0s

#2 [internal] load metadata for docker.io/library/python:3.9-slim
#2 DONE 0.9s

#3 [internal] load .dockerignore
#3 transferring context: 2B done
#3 DONE 0.0s

#4 [1/9] FROM docker.io/library/python:3.9-slim@sha256:bb8009c87ab69e751a1dd2c6c7f8abaae3d9fce8e072802d4a23c95594d16d84
#4 CACHED

#5 [internal] load build context
#5 transferring context: 3.59kB done
#5 DONE 0.1s

#6 [2/9] RUN apt-get update && apt-get install -y cron python3-pip git libpq-dev gcc nano bash iputils-ping  && rm -rf /var/lib/apt/lists/*
#6 0.322 Get:1 http://deb.debian.org/debian bookworm InRelease [151 kB]
#6 0.332 Get:2 http://deb.debian.org/debian bookworm-updates InRelease [55.4 kB]
#6 0.332 Get:3 http://deb.debian.org/debian-security bookworm-security InRelease [48.0 kB]
#6 0.395 Get:4 http://deb.debian.org/debian bookworm/main arm64 Packages [8693 kB]
#6 0.739 Get:5 http://deb.debian.org/debian bookworm-updates/main arm64 Packages [13.3 kB]
#6 0.746 Get:6 http://deb.debian.org/debian-security bookworm-security/main arm64 Packages [237 kB]
#6 1.740 Fetched 9197 kB in 1s (6442 kB/s)
#6 1.740 Reading package lists...
#6 2.363 Reading package lists...
#6 2.988 Building dependency tree...
#6 3.180 Reading state information...
#6 3.577 bash is already the newest version (5.2.15-2+b7).
#6 3.577 bash set to manually installed.
#6 3.577 The following additional packages will be installed:
#6 3.578   binutils binutils-aarch64-linux-gnu binutils-common bsd-mailx
#6 3.578   build-essential bzip2 cpp cpp-12 cron-daemon-common dirmngr dpkg-dev
#6 3.578   exim4-base exim4-config exim4-daemon-light fakeroot fontconfig-config
#6 3.578   fonts-dejavu-core g++ g++-12 gcc-12 git-man gnupg gnupg-l10n gnupg-utils gpg
#6 3.579   gpg-agent gpg-wks-client gpg-wks-server gpgconf gpgsm javascript-common less
#6 3.579   libabsl20220623 libalgorithm-diff-perl libalgorithm-diff-xs-perl
#6 3.579   libalgorithm-merge-perl libaom3 libasan8 libassuan0 libatomic1 libavif15
#6 3.579   libbinutils libbrotli1 libbsd0 libc-dev-bin libc-devtools libc6-dev
#6 3.579   libcap2-bin libcbor0.8 libcc1-0 libcrypt-dev libctf-nobfd0 libctf0
#6 3.580   libcurl3-gnutls libdav1d6 libde265-0 libdeflate0 libdpkg-perl libedit2
#6 3.580   liberror-perl libevent-2.1-7 libexpat1 libexpat1-dev libfakeroot libfido2-1
#6 3.580   libfile-fcntllock-perl libfontconfig1 libfreetype6 libgav1-1 libgcc-12-dev
#6 3.580   libgd3 libgdbm-compat4 libgnutls-dane0 libgomp1 libgprofng0 libheif1
#6 3.580   libhwasan0 libidn12 libisl23 libitm1 libjansson4 libjbig0 libjpeg62-turbo
#6 3.580   libjs-jquery libjs-sphinxdoc libjs-underscore libksba8 libldap-2.5-0
#6 3.580   libldap-common liblerc4 liblocale-gettext-perl liblockfile-bin liblockfile1
#6 3.581   liblsan0 libmpc3 libmpfr6 libnghttp2-14 libnpth0 libnsl-dev libnuma1
#6 3.581   libpam-cap libperl5.36 libpng16-16 libpq5 libpsl5 libpython3-dev
#6 3.581   libpython3-stdlib libpython3.11 libpython3.11-dev libpython3.11-minimal
#6 3.582   libpython3.11-stdlib librav1e0 librtmp1 libsasl2-2 libsasl2-modules
#6 3.582   libsasl2-modules-db libssh2-1 libssl-dev libstdc++-12-dev libsvtav1enc1
#6 3.582   libtiff6 libtirpc-dev libtsan2 libubsan1 libunbound8 libwebp7 libx11-6
#6 3.582   libx11-data libx265-199 libxau6 libxcb1 libxdmcp6 libxext6 libxmuu1 libxpm4
#6 3.583   libyuv0 linux-libc-dev make manpages manpages-dev media-types openssh-client
#6 3.583   patch perl perl-modules-5.36 pinentry-curses psmisc publicsuffix python3
#6 3.583   python3-dev python3-distutils python3-lib2to3 python3-minimal
#6 3.583   python3-pkg-resources python3-setuptools python3-wheel python3.11
#6 3.584   python3.11-dev python3.11-minimal rpcsvc-proto sensible-utils xauth xz-utils
#6 3.584   zlib1g-dev
#6 3.588 Suggested packages:
#6 3.588   binutils-doc bzip2-doc cpp-doc gcc-12-locales cpp-12-doc anacron logrotate
#6 3.588   checksecurity dbus-user-session libpam-systemd pinentry-gnome3 tor
#6 3.588   debian-keyring exim4-doc-html | exim4-doc-info eximon4 file spf-tools-perl
#6 3.588   swaks gcc-12-doc gcc-multilib autoconf automake libtool flex bison gdb
#6 3.588   gcc-doc gettext-base git-daemon-run | git-daemon-sysvinit git-doc git-email
#6 3.588   git-gui gitk gitweb git-cvs git-mediawiki git-svn parcimonie xloadimage
#6 3.588   scdaemon apache2 | lighttpd | httpd glibc-doc bzr libgd-tools dns-root-data
#6 3.588   postgresql-doc-15 libsasl2-modules-gssapi-mit
#6 3.588   | libsasl2-modules-gssapi-heimdal libsasl2-modules-ldap libsasl2-modules-otp
#6 3.588   libsasl2-modules-sql libssl-doc libstdc++-12-doc make-doc man-browser
#6 3.588   hunspell keychain libpam-ssh monkeysphere ssh-askpass ed diffutils-doc
#6 3.588   perl-doc libterm-readline-gnu-perl | libterm-readline-perl-perl
#6 3.589   libtap-harness-archive-perl pinentry-doc python3-doc python3-tk python3-venv
#6 3.589   python-setuptools-doc python3.11-venv python3.11-doc binfmt-support
#6 4.670 The following NEW packages will be installed:
#6 4.670   binutils binutils-aarch64-linux-gnu binutils-common bsd-mailx
#6 4.670   build-essential bzip2 cpp cpp-12 cron cron-daemon-common dirmngr dpkg-dev
#6 4.670   exim4-base exim4-config exim4-daemon-light fakeroot fontconfig-config
#6 4.671   fonts-dejavu-core g++ g++-12 gcc gcc-12 git git-man gnupg gnupg-l10n
#6 4.671   gnupg-utils gpg gpg-agent gpg-wks-client gpg-wks-server gpgconf gpgsm
#6 4.671   iputils-ping javascript-common less libabsl20220623 libalgorithm-diff-perl
#6 4.671   libalgorithm-diff-xs-perl libalgorithm-merge-perl libaom3 libasan8
#6 4.671   libassuan0 libatomic1 libavif15 libbinutils libbrotli1 libbsd0 libc-dev-bin
#6 4.671   libc-devtools libc6-dev libcap2-bin libcbor0.8 libcc1-0 libcrypt-dev
#6 4.671   libctf-nobfd0 libctf0 libcurl3-gnutls libdav1d6 libde265-0 libdeflate0
#6 4.671   libdpkg-perl libedit2 liberror-perl libevent-2.1-7 libexpat1 libexpat1-dev
#6 4.671   libfakeroot libfido2-1 libfile-fcntllock-perl libfontconfig1 libfreetype6
#6 4.671   libgav1-1 libgcc-12-dev libgd3 libgdbm-compat4 libgnutls-dane0 libgomp1
#6 4.672   libgprofng0 libheif1 libhwasan0 libidn12 libisl23 libitm1 libjansson4
#6 4.672   libjbig0 libjpeg62-turbo libjs-jquery libjs-sphinxdoc libjs-underscore
#6 4.672   libksba8 libldap-2.5-0 libldap-common liblerc4 liblocale-gettext-perl
#6 4.672   liblockfile-bin liblockfile1 liblsan0 libmpc3 libmpfr6 libnghttp2-14
#6 4.672   libnpth0 libnsl-dev libnuma1 libpam-cap libperl5.36 libpng16-16 libpq-dev
#6 4.672   libpq5 libpsl5 libpython3-dev libpython3-stdlib libpython3.11
#6 4.672   libpython3.11-dev libpython3.11-minimal libpython3.11-stdlib librav1e0
#6 4.673   librtmp1 libsasl2-2 libsasl2-modules libsasl2-modules-db libssh2-1
#6 4.673   libssl-dev libstdc++-12-dev libsvtav1enc1 libtiff6 libtirpc-dev libtsan2
#6 4.673   libubsan1 libunbound8 libwebp7 libx11-6 libx11-data libx265-199 libxau6
#6 4.673   libxcb1 libxdmcp6 libxext6 libxmuu1 libxpm4 libyuv0 linux-libc-dev make
#6 4.673   manpages manpages-dev media-types nano openssh-client patch perl
#6 4.673   perl-modules-5.36 pinentry-curses psmisc publicsuffix python3 python3-dev
#6 4.673   python3-distutils python3-lib2to3 python3-minimal python3-pip
#6 4.674   python3-pkg-resources python3-setuptools python3-wheel python3.11
#6 4.674   python3.11-dev python3.11-minimal rpcsvc-proto sensible-utils xauth xz-utils
#6 4.674   zlib1g-dev
#6 4.708 0 upgraded, 171 newly installed, 0 to remove and 0 not upgraded.
#6 4.708 Need to get 122 MB of archives.
#6 4.708 After this operation, 513 MB of additional disk space will be used.
#6 4.708 Get:1 http://deb.debian.org/debian bookworm/main arm64 cron-daemon-common all 3.0pl1-162 [12.7 kB]
#6 4.710 Get:2 http://deb.debian.org/debian bookworm/main arm64 sensible-utils all 0.0.17+nmu1 [19.0 kB]
#6 4.715 Get:3 http://deb.debian.org/debian bookworm/main arm64 cron arm64 3.0pl1-162 [71.7 kB]
#6 4.717 Get:4 http://deb.debian.org/debian bookworm/main arm64 perl-modules-5.36 all 5.36.0-7+deb12u1 [2815 kB]
#6 4.776 Get:5 http://deb.debian.org/debian bookworm/main arm64 libgdbm-compat4 arm64 1.23-3 [48.0 kB]
#6 4.817 Get:6 http://deb.debian.org/debian bookworm/main arm64 libperl5.36 arm64 5.36.0-7+deb12u1 [4014 kB]
#6 4.952 Get:7 http://deb.debian.org/debian bookworm/main arm64 perl arm64 5.36.0-7+deb12u1 [239 kB]
#6 4.965 Get:8 http://deb.debian.org/debian bookworm/main arm64 liblocale-gettext-perl arm64 1.07-5 [15.1 kB]
#6 5.005 Get:9 http://deb.debian.org/debian bookworm/main arm64 libpython3.11-minimal arm64 3.11.2-6+deb12u5 [810 kB]
#6 5.032 Get:10 http://deb.debian.org/debian bookworm/main arm64 libexpat1 arm64 2.5.0-1+deb12u1 [84.6 kB]
#6 5.049 Get:11 http://deb.debian.org/debian bookworm/main arm64 python3.11-minimal arm64 3.11.2-6+deb12u5 [1857 kB]
#6 5.124 Get:12 http://deb.debian.org/debian bookworm/main arm64 python3-minimal arm64 3.11.2-1+b1 [26.3 kB]
#6 5.133 Get:13 http://deb.debian.org/debian bookworm/main arm64 media-types all 10.0.0 [26.1 kB]
#6 5.139 Get:14 http://deb.debian.org/debian bookworm/main arm64 libpython3.11-stdlib arm64 3.11.2-6+deb12u5 [1748 kB]
#6 5.193 Get:15 http://deb.debian.org/debian bookworm/main arm64 python3.11 arm64 3.11.2-6+deb12u5 [573 kB]
#6 5.205 Get:16 http://deb.debian.org/debian bookworm/main arm64 libpython3-stdlib arm64 3.11.2-1+b1 [9296 B]
#6 5.214 Get:17 http://deb.debian.org/debian bookworm/main arm64 python3 arm64 3.11.2-1+b1 [26.3 kB]
#6 5.216 Get:18 http://deb.debian.org/debian bookworm/main arm64 libcap2-bin arm64 1:2.66-4 [33.9 kB]
#6 5.217 Get:19 http://deb.debian.org/debian bookworm/main arm64 iputils-ping arm64 3:20221126-1+deb12u1 [46.1 kB]
#6 5.218 Get:20 http://deb.debian.org/debian bookworm/main arm64 less arm64 590-2.1~deb12u2 [128 kB]
#6 5.221 Get:21 http://deb.debian.org/debian bookworm/main arm64 nano arm64 7.2-1+deb12u1 [680 kB]
#6 5.242 Get:22 http://deb.debian.org/debian bookworm/main arm64 bzip2 arm64 1.0.8-5+b1 [48.9 kB]
#6 5.259 Get:23 http://deb.debian.org/debian bookworm/main arm64 liblockfile-bin arm64 1.17-1+b1 [20.4 kB]
#6 5.262 Get:24 http://deb.debian.org/debian bookworm/main arm64 manpages all 6.03-2 [1332 kB]
#6 5.315 Get:25 http://deb.debian.org/debian bookworm/main arm64 libbsd0 arm64 0.11.7-2 [115 kB]
#6 5.321 Get:26 http://deb.debian.org/debian bookworm/main arm64 libedit2 arm64 3.1-20221030-2 [88.1 kB]
#6 5.324 Get:27 http://deb.debian.org/debian bookworm/main arm64 libcbor0.8 arm64 0.8.0-2+b1 [26.0 kB]
#6 5.327 Get:28 http://deb.debian.org/debian bookworm/main arm64 libfido2-1 arm64 1.12.0-2+b1 [72.6 kB]
#6 5.328 Get:29 http://deb.debian.org/debian bookworm/main arm64 openssh-client arm64 1:9.2p1-2+deb12u4 [939 kB]
#6 5.350 Get:30 http://deb.debian.org/debian bookworm/main arm64 xz-utils arm64 5.4.1-0.2 [469 kB]
#6 5.364 Get:31 http://deb.debian.org/debian bookworm/main arm64 binutils-common arm64 2.40-2 [2487 kB]
#6 5.434 Get:32 http://deb.debian.org/debian bookworm/main arm64 libbinutils arm64 2.40-2 [645 kB]
#6 5.452 Get:33 http://deb.debian.org/debian bookworm/main arm64 libctf-nobfd0 arm64 2.40-2 [144 kB]
#6 5.463 Get:34 http://deb.debian.org/debian bookworm/main arm64 libctf0 arm64 2.40-2 [79.2 kB]
#6 5.467 Get:35 http://deb.debian.org/debian bookworm/main arm64 libgprofng0 arm64 2.40-2 [680 kB]
#6 5.478 Get:36 http://deb.debian.org/debian bookworm/main arm64 libjansson4 arm64 2.14-2 [40.2 kB]
#6 5.489 Get:37 http://deb.debian.org/debian bookworm/main arm64 binutils-aarch64-linux-gnu arm64 2.40-2 [2637 kB]
#6 5.575 Get:38 http://deb.debian.org/debian bookworm/main arm64 binutils arm64 2.40-2 [64.9 kB]
#6 5.583 Get:39 http://deb.debian.org/debian bookworm/main arm64 exim4-config all 4.96-15+deb12u6 [256 kB]
#6 5.590 Get:40 http://deb.debian.org/debian bookworm/main arm64 exim4-base arm64 4.96-15+deb12u6 [1116 kB]
#6 5.618 Get:41 http://deb.debian.org/debian bookworm/main arm64 libevent-2.1-7 arm64 2.1.12-stable-8 [168 kB]
#6 5.633 Get:42 http://deb.debian.org/debian bookworm/main arm64 libunbound8 arm64 1.17.1-2+deb12u2 [509 kB]
#6 5.648 Get:43 http://deb.debian.org/debian bookworm/main arm64 libgnutls-dane0 arm64 3.7.9-2+deb12u3 [404 kB]
#6 5.660 Get:44 http://deb.debian.org/debian bookworm/main arm64 libidn12 arm64 1.41-1 [82.8 kB]
#6 5.668 Get:45 http://deb.debian.org/debian bookworm/main arm64 exim4-daemon-light arm64 4.96-15+deb12u6 [560 kB]
#6 5.681 Get:46 http://deb.debian.org/debian bookworm/main arm64 liblockfile1 arm64 1.17-1+b1 [16.8 kB]
#6 5.691 Get:47 http://deb.debian.org/debian bookworm/main arm64 bsd-mailx arm64 8.1.2-0.20220412cvs-1 [89.0 kB]
#6 5.694 Get:48 http://deb.debian.org/debian bookworm/main arm64 libc-dev-bin arm64 2.36-9+deb12u9 [45.9 kB]
#6 5.697 Get:49 http://deb.debian.org/debian bookworm-updates/main arm64 linux-libc-dev arm64 6.1.124-1 [2075 kB]
#6 5.772 Get:50 http://deb.debian.org/debian bookworm/main arm64 libcrypt-dev arm64 1:4.4.33-2 [121 kB]
#6 5.783 Get:51 http://deb.debian.org/debian bookworm/main arm64 libtirpc-dev arm64 1.3.3+ds-1 [194 kB]
#6 5.787 Get:52 http://deb.debian.org/debian bookworm/main arm64 libnsl-dev arm64 1.3.0-2 [66.1 kB]
#6 5.797 Get:53 http://deb.debian.org/debian bookworm/main arm64 rpcsvc-proto arm64 1.4.3-1 [59.7 kB]
#6 5.801 Get:54 http://deb.debian.org/debian bookworm/main arm64 libc6-dev arm64 2.36-9+deb12u9 [1431 kB]
#6 5.847 Get:55 http://deb.debian.org/debian bookworm/main arm64 libisl23 arm64 0.25-1.1 [610 kB]
#6 5.861 Get:56 http://deb.debian.org/debian bookworm/main arm64 libmpfr6 arm64 4.2.0-1 [600 kB]
#6 5.871 Get:57 http://deb.debian.org/debian bookworm/main arm64 libmpc3 arm64 1.3.1-1 [49.2 kB]
#6 5.881 Get:58 http://deb.debian.org/debian bookworm/main arm64 cpp-12 arm64 12.2.0-14 [8226 kB]
#6 6.150 Get:59 http://deb.debian.org/debian bookworm/main arm64 cpp arm64 4:12.2.0-3 [6832 B]
#6 6.154 Get:60 http://deb.debian.org/debian bookworm/main arm64 libcc1-0 arm64 12.2.0-14 [37.7 kB]
#6 6.155 Get:61 http://deb.debian.org/debian bookworm/main arm64 libgomp1 arm64 12.2.0-14 [104 kB]
#6 6.157 Get:62 http://deb.debian.org/debian bookworm/main arm64 libitm1 arm64 12.2.0-14 [23.9 kB]
#6 6.161 Get:63 http://deb.debian.org/debian bookworm/main arm64 libatomic1 arm64 12.2.0-14 [9536 B]
#6 6.163 Get:64 http://deb.debian.org/debian bookworm/main arm64 libasan8 arm64 12.2.0-14 [2095 kB]
#6 6.236 Get:65 http://deb.debian.org/debian bookworm/main arm64 liblsan0 arm64 12.2.0-14 [926 kB]
#6 6.261 Get:66 http://deb.debian.org/debian bookworm/main arm64 libtsan2 arm64 12.2.0-14 [2179 kB]
#6 6.333 Get:67 http://deb.debian.org/debian bookworm/main arm64 libubsan1 arm64 12.2.0-14 [862 kB]
#6 6.350 Get:68 http://deb.debian.org/debian bookworm/main arm64 libhwasan0 arm64 12.2.0-14 [998 kB]
#6 6.368 Get:69 http://deb.debian.org/debian bookworm/main arm64 libgcc-12-dev arm64 12.2.0-14 [959 kB]
#6 6.384 Get:70 http://deb.debian.org/debian bookworm/main arm64 gcc-12 arm64 12.2.0-14 [16.3 MB]
#6 7.208 Get:71 http://deb.debian.org/debian bookworm/main arm64 gcc arm64 4:12.2.0-3 [5244 B]
#6 7.212 Get:72 http://deb.debian.org/debian bookworm/main arm64 libstdc++-12-dev arm64 12.2.0-14 [2006 kB]
#6 7.295 Get:73 http://deb.debian.org/debian bookworm/main arm64 g++-12 arm64 12.2.0-14 [9071 kB]
#6 7.704 Get:74 http://deb.debian.org/debian bookworm/main arm64 g++ arm64 4:12.2.0-3 [1336 B]
#6 7.735 Get:75 http://deb.debian.org/debian bookworm/main arm64 make arm64 4.3-4.1 [391 kB]
#6 7.755 Get:76 http://deb.debian.org/debian bookworm/main arm64 libdpkg-perl all 1.21.22 [603 kB]
#6 7.772 Get:77 http://deb.debian.org/debian bookworm/main arm64 patch arm64 2.7.6-7 [121 kB]
#6 7.785 Get:78 http://deb.debian.org/debian bookworm/main arm64 dpkg-dev all 1.21.22 [1353 kB]
#6 7.834 Get:79 http://deb.debian.org/debian bookworm/main arm64 build-essential arm64 12.9 [7704 B]
#6 7.838 Get:80 http://deb.debian.org/debian bookworm/main arm64 libassuan0 arm64 2.5.5-5 [45.9 kB]
#6 7.839 Get:81 http://deb.debian.org/debian bookworm/main arm64 gpgconf arm64 2.2.40-1.1 [557 kB]
#6 7.854 Get:82 http://deb.debian.org/debian bookworm/main arm64 libksba8 arm64 1.6.3-2 [119 kB]
#6 7.867 Get:83 http://deb.debian.org/debian bookworm/main arm64 libsasl2-modules-db arm64 2.1.28+dfsg-10 [20.8 kB]
#6 7.879 Get:84 http://deb.debian.org/debian bookworm/main arm64 libsasl2-2 arm64 2.1.28+dfsg-10 [58.0 kB]
#6 7.891 Get:85 http://deb.debian.org/debian bookworm/main arm64 libldap-2.5-0 arm64 2.5.13+dfsg-5 [171 kB]
#6 7.896 Get:86 http://deb.debian.org/debian bookworm/main arm64 libnpth0 arm64 1.6-3 [18.6 kB]
#6 7.905 Get:87 http://deb.debian.org/debian bookworm/main arm64 dirmngr arm64 2.2.40-1.1 [770 kB]
#6 7.921 Get:88 http://deb.debian.org/debian bookworm/main arm64 libfakeroot arm64 1.31-1.2 [27.9 kB]
#6 7.936 Get:89 http://deb.debian.org/debian bookworm/main arm64 fakeroot arm64 1.31-1.2 [66.4 kB]
#6 7.939 Get:90 http://deb.debian.org/debian bookworm/main arm64 fonts-dejavu-core all 2.37-6 [1068 kB]
#6 7.963 Get:91 http://deb.debian.org/debian bookworm/main arm64 fontconfig-config arm64 2.14.1-4 [315 kB]
#6 7.979 Get:92 http://deb.debian.org/debian bookworm/main arm64 libbrotli1 arm64 1.0.9-2+b6 [269 kB]
#6 7.986 Get:93 http://deb.debian.org/debian bookworm/main arm64 libnghttp2-14 arm64 1.52.0-1+deb12u2 [68.6 kB]
#6 7.992 Get:94 http://deb.debian.org/debian bookworm/main arm64 libpsl5 arm64 0.21.2-1 [58.6 kB]
#6 7.996 Get:95 http://deb.debian.org/debian bookworm/main arm64 librtmp1 arm64 2.4+20151223.gitfa8646d.1-2+b2 [59.4 kB]
#6 7.998 Get:96 http://deb.debian.org/debian bookworm/main arm64 libssh2-1 arm64 1.10.0-3+b1 [172 kB]
#6 8.002 Get:97 http://deb.debian.org/debian bookworm/main arm64 libcurl3-gnutls arm64 7.88.1-10+deb12u8 [360 kB]
#6 8.010 Get:98 http://deb.debian.org/debian bookworm/main arm64 liberror-perl all 0.17029-2 [29.0 kB]
#6 8.017 Get:99 http://deb.debian.org/debian bookworm/main arm64 git-man all 1:2.39.5-0+deb12u1 [2054 kB]
#6 8.085 Get:100 http://deb.debian.org/debian bookworm/main arm64 git arm64 1:2.39.5-0+deb12u1 [7137 kB]
#6 8.353 Get:101 http://deb.debian.org/debian bookworm/main arm64 gnupg-l10n all 2.2.40-1.1 [1093 kB]
#6 8.401 Get:102 http://deb.debian.org/debian bookworm/main arm64 gnupg-utils arm64 2.2.40-1.1 [880 kB]
#6 8.424 Get:103 http://deb.debian.org/debian bookworm/main arm64 gpg arm64 2.2.40-1.1 [903 kB]
#6 8.441 Get:104 http://deb.debian.org/debian bookworm/main arm64 pinentry-curses arm64 1.2.1-1 [75.2 kB]
#6 8.460 Get:105 http://deb.debian.org/debian bookworm/main arm64 gpg-agent arm64 2.2.40-1.1 [673 kB]
#6 8.475 Get:106 http://deb.debian.org/debian bookworm/main arm64 gpg-wks-client arm64 2.2.40-1.1 [532 kB]
#6 8.486 Get:107 http://deb.debian.org/debian bookworm/main arm64 gpg-wks-server arm64 2.2.40-1.1 [524 kB]
#6 8.510 Get:108 http://deb.debian.org/debian bookworm/main arm64 gpgsm arm64 2.2.40-1.1 [651 kB]
#6 8.530 Get:109 http://deb.debian.org/debian bookworm/main arm64 gnupg all 2.2.40-1.1 [846 kB]
#6 8.546 Get:110 http://deb.debian.org/debian bookworm/main arm64 javascript-common all 11+nmu1 [6260 B]
#6 8.562 Get:111 http://deb.debian.org/debian bookworm/main arm64 libabsl20220623 arm64 20220623.1-1 [363 kB]
#6 8.571 Get:112 http://deb.debian.org/debian bookworm/main arm64 libalgorithm-diff-perl all 1.201-1 [43.3 kB]
#6 8.588 Get:113 http://deb.debian.org/debian bookworm/main arm64 libalgorithm-diff-xs-perl arm64 0.04-8+b1 [11.2 kB]
#6 8.592 Get:114 http://deb.debian.org/debian bookworm/main arm64 libalgorithm-merge-perl all 0.08-5 [11.8 kB]
#6 8.593 Get:115 http://deb.debian.org/debian bookworm/main arm64 libaom3 arm64 3.6.0-1+deb12u1 [1379 kB]
#6 8.651 Get:116 http://deb.debian.org/debian bookworm/main arm64 libdav1d6 arm64 1.0.0-2+deb12u1 [275 kB]
#6 8.664 Get:117 http://deb.debian.org/debian bookworm/main arm64 libgav1-1 arm64 0.18.0-1+b1 [425 kB]
#6 8.683 Get:118 http://deb.debian.org/debian bookworm/main arm64 librav1e0 arm64 0.5.1-6 [552 kB]
#6 8.696 Get:119 http://deb.debian.org/debian bookworm/main arm64 libsvtav1enc1 arm64 1.4.1+dfsg-1 [1074 kB]
#6 8.716 Get:120 http://deb.debian.org/debian bookworm/main arm64 libjpeg62-turbo arm64 1:2.1.5-2 [171 kB]
#6 8.740 Get:121 http://deb.debian.org/debian bookworm/main arm64 libyuv0 arm64 0.0~git20230123.b2528b0-1 [122 kB]
#6 8.749 Get:122 http://deb.debian.org/debian bookworm/main arm64 libavif15 arm64 0.11.1-1 [88.3 kB]
#6 8.752 Get:123 http://deb.debian.org/debian bookworm/main arm64 libpng16-16 arm64 1.6.39-2 [269 kB]
#6 8.762 Get:124 http://deb.debian.org/debian bookworm/main arm64 libfreetype6 arm64 2.12.1+dfsg-5+deb12u3 [368 kB]
#6 8.770 Get:125 http://deb.debian.org/debian bookworm/main arm64 libfontconfig1 arm64 2.14.1-4 [381 kB]
#6 8.776 Get:126 http://deb.debian.org/debian bookworm/main arm64 libde265-0 arm64 1.0.11-1+deb12u2 [148 kB]
#6 8.784 Get:127 http://deb.debian.org/debian bookworm/main arm64 libnuma1 arm64 2.0.16-1 [20.3 kB]
#6 8.789 Get:128 http://deb.debian.org/debian bookworm/main arm64 libx265-199 arm64 3.5-2+b1 [603 kB]
#6 8.801 Get:129 http://deb.debian.org/debian bookworm/main arm64 libheif1 arm64 1.15.1-1+deb12u1 [191 kB]
#6 8.822 Get:130 http://deb.debian.org/debian bookworm/main arm64 libdeflate0 arm64 1.14-1 [54.3 kB]
#6 8.833 Get:131 http://deb.debian.org/debian bookworm/main arm64 libjbig0 arm64 2.1-6.1 [30.0 kB]
#6 8.838 Get:132 http://deb.debian.org/debian bookworm/main arm64 liblerc4 arm64 4.0.0+ds-2 [138 kB]
#6 8.842 Get:133 http://deb.debian.org/debian bookworm/main arm64 libwebp7 arm64 1.2.4-0.2+deb12u1 [260 kB]
#6 8.846 Get:134 http://deb.debian.org/debian bookworm/main arm64 libtiff6 arm64 4.5.0-6+deb12u2 [301 kB]
#6 8.856 Get:135 http://deb.debian.org/debian bookworm/main arm64 libxau6 arm64 1:1.0.9-1 [19.7 kB]
#6 8.864 Get:136 http://deb.debian.org/debian bookworm/main arm64 libxdmcp6 arm64 1:1.1.2-3 [25.4 kB]
#6 8.869 Get:137 http://deb.debian.org/debian bookworm/main arm64 libxcb1 arm64 1.15-1 [143 kB]
#6 8.870 Get:138 http://deb.debian.org/debian bookworm/main arm64 libx11-data all 2:1.8.4-2+deb12u2 [292 kB]
#6 8.877 Get:139 http://deb.debian.org/debian bookworm/main arm64 libx11-6 arm64 2:1.8.4-2+deb12u2 [735 kB]
#6 8.891 Get:140 http://deb.debian.org/debian bookworm/main arm64 libxpm4 arm64 1:3.5.12-1.1+deb12u1 [45.4 kB]
#6 8.905 Get:141 http://deb.debian.org/debian bookworm/main arm64 libgd3 arm64 2.3.3-9 [113 kB]
#6 8.909 Get:142 http://deb.debian.org/debian bookworm/main arm64 libc-devtools arm64 2.36-9+deb12u9 [53.2 kB]
#6 8.912 Get:143 http://deb.debian.org/debian bookworm/main arm64 libexpat1-dev arm64 2.5.0-1+deb12u1 [134 kB]
#6 8.915 Get:144 http://deb.debian.org/debian bookworm/main arm64 libfile-fcntllock-perl arm64 0.22-4+b1 [34.8 kB]
#6 8.918 Get:145 http://deb.debian.org/debian bookworm/main arm64 libjs-jquery all 3.6.1+dfsg+~3.5.14-1 [326 kB]
#6 8.923 Get:146 http://deb.debian.org/debian bookworm/main arm64 libjs-underscore all 1.13.4~dfsg+~1.11.4-3 [116 kB]
#6 8.928 Get:147 http://deb.debian.org/debian bookworm/main arm64 libjs-sphinxdoc all 5.3.0-4 [130 kB]
#6 8.933 Get:148 http://deb.debian.org/debian bookworm/main arm64 libldap-common all 2.5.13+dfsg-5 [29.3 kB]
#6 8.941 Get:149 http://deb.debian.org/debian bookworm/main arm64 libpam-cap arm64 1:2.66-4 [14.5 kB]
#6 8.944 Get:150 http://deb.debian.org/debian bookworm/main arm64 libpq5 arm64 15.10-0+deb12u1 [182 kB]
#6 8.946 Get:151 http://deb.debian.org/debian bookworm/main arm64 libssl-dev arm64 3.0.15-1~deb12u1 [2308 kB]
#6 9.019 Get:152 http://deb.debian.org/debian bookworm/main arm64 libpq-dev arm64 15.10-0+deb12u1 [141 kB]
#6 9.044 Get:153 http://deb.debian.org/debian bookworm/main arm64 libpython3.11 arm64 3.11.2-6+deb12u5 [1840 kB]
#6 9.122 Get:154 http://deb.debian.org/debian bookworm/main arm64 zlib1g-dev arm64 1:1.2.13.dfsg-1 [913 kB]
#6 9.138 Get:155 http://deb.debian.org/debian bookworm/main arm64 libpython3.11-dev arm64 3.11.2-6+deb12u5 [4392 kB]
#6 9.303 Get:156 http://deb.debian.org/debian bookworm/main arm64 libpython3-dev arm64 3.11.2-1+b1 [9564 B]
#6 9.316 Get:157 http://deb.debian.org/debian bookworm/main arm64 libsasl2-modules arm64 2.1.28+dfsg-10 [63.1 kB]
#6 9.318 Get:158 http://deb.debian.org/debian bookworm/main arm64 libxext6 arm64 2:1.3.4-1+b1 [51.7 kB]
#6 9.319 Get:159 http://deb.debian.org/debian bookworm/main arm64 libxmuu1 arm64 2:1.1.3-3 [24.0 kB]
#6 9.327 Get:160 http://deb.debian.org/debian bookworm/main arm64 manpages-dev all 6.03-2 [2030 kB]
#6 9.393 Get:161 http://deb.debian.org/debian bookworm/main arm64 psmisc arm64 23.6-1 [257 kB]
#6 9.417 Get:162 http://deb.debian.org/debian bookworm/main arm64 publicsuffix all 20230209.2326-1 [126 kB]
#6 9.423 Get:163 http://deb.debian.org/debian bookworm/main arm64 python3.11-dev arm64 3.11.2-6+deb12u5 [617 kB]
#6 9.432 Get:164 http://deb.debian.org/debian bookworm/main arm64 python3-lib2to3 all 3.11.2-3 [76.3 kB]
#6 9.449 Get:165 http://deb.debian.org/debian bookworm/main arm64 python3-distutils all 3.11.2-3 [131 kB]
#6 9.453 Get:166 http://deb.debian.org/debian bookworm/main arm64 python3-dev arm64 3.11.2-1+b1 [26.2 kB]
#6 9.458 Get:167 http://deb.debian.org/debian bookworm/main arm64 python3-pkg-resources all 66.1.1-1+deb12u1 [296 kB]
#6 9.466 Get:168 http://deb.debian.org/debian bookworm/main arm64 python3-setuptools all 66.1.1-1+deb12u1 [522 kB]
#6 9.480 Get:169 http://deb.debian.org/debian bookworm/main arm64 python3-wheel all 0.38.4-2 [30.8 kB]
#6 9.493 Get:170 http://deb.debian.org/debian bookworm/main arm64 python3-pip all 23.0.1+dfsg-1 [1325 kB]
#6 9.545 Get:171 http://deb.debian.org/debian bookworm/main arm64 xauth arm64 1:1.1.2-1 [35.5 kB]
#6 9.784 debconf: delaying package configuration, since apt-utils is not installed
#6 9.840 Fetched 122 MB in 5s (25.2 MB/s)
#6 9.877 Selecting previously unselected package cron-daemon-common.
#6 9.877 (Reading database ... (Reading database ... 5%(Reading database ... 10%(Reading database ... 15%(Reading database ... 20%(Reading database ... 25%(Reading database ... 30%(Reading database ... 35%(Reading database ... 40%(Reading database ... 45%(Reading database ... 50%(Reading database ... 55%(Reading database ... 60%(Reading database ... 65%(Reading database ... 70%(Reading database ... 75%(Reading database ... 80%(Reading database ... 85%(Reading database ... 90%(Reading database ... 95%(Reading database ... 100%(Reading database ... 6680 files and directories currently installed.)
#6 9.882 Preparing to unpack .../cron-daemon-common_3.0pl1-162_all.deb ...
#6 9.888 Unpacking cron-daemon-common (3.0pl1-162) ...
#6 9.929 Selecting previously unselected package sensible-utils.
#6 9.929 Preparing to unpack .../sensible-utils_0.0.17+nmu1_all.deb ...
#6 9.934 Unpacking sensible-utils (0.0.17+nmu1) ...
#6 9.994 Setting up cron-daemon-common (3.0pl1-162) ...
#6 10.08 Adding group `crontab' (GID 101) ...
#6 10.12 Done.
#6 10.19 Selecting previously unselected package cron.
#6 10.19 (Reading database ... (Reading database ... 5%(Reading database ... 10%(Reading database ... 15%(Reading database ... 20%(Reading database ... 25%(Reading database ... 30%(Reading database ... 35%(Reading database ... 40%(Reading database ... 45%(Reading database ... 50%(Reading database ... 55%(Reading database ... 60%(Reading database ... 65%(Reading database ... 70%(Reading database ... 75%(Reading database ... 80%(Reading database ... 85%(Reading database ... 90%(Reading database ... 95%(Reading database ... 100%(Reading database ... 6725 files and directories currently installed.)
#6 10.20 Preparing to unpack .../0-cron_3.0pl1-162_arm64.deb ...
#6 10.20 Unpacking cron (3.0pl1-162) ...
#6 10.26 Selecting previously unselected package perl-modules-5.36.
#6 10.26 Preparing to unpack .../1-perl-modules-5.36_5.36.0-7+deb12u1_all.deb ...
#6 10.26 Unpacking perl-modules-5.36 (5.36.0-7+deb12u1) ...
#6 10.61 Selecting previously unselected package libgdbm-compat4:arm64.
#6 10.61 Preparing to unpack .../2-libgdbm-compat4_1.23-3_arm64.deb ...
#6 10.62 Unpacking libgdbm-compat4:arm64 (1.23-3) ...
#6 10.69 Selecting previously unselected package libperl5.36:arm64.
#6 10.69 Preparing to unpack .../3-libperl5.36_5.36.0-7+deb12u1_arm64.deb ...
#6 10.69 Unpacking libperl5.36:arm64 (5.36.0-7+deb12u1) ...
#6 11.11 Selecting previously unselected package perl.
#6 11.11 Preparing to unpack .../4-perl_5.36.0-7+deb12u1_arm64.deb ...
#6 11.12 Unpacking perl (5.36.0-7+deb12u1) ...
#6 11.18 Selecting previously unselected package liblocale-gettext-perl.
#6 11.18 Preparing to unpack .../5-liblocale-gettext-perl_1.07-5_arm64.deb ...
#6 11.19 Unpacking liblocale-gettext-perl (1.07-5) ...
#6 11.25 Selecting previously unselected package libpython3.11-minimal:arm64.
#6 11.25 Preparing to unpack .../6-libpython3.11-minimal_3.11.2-6+deb12u5_arm64.deb ...
#6 11.25 Unpacking libpython3.11-minimal:arm64 (3.11.2-6+deb12u5) ...
#6 11.37 Selecting previously unselected package libexpat1:arm64.
#6 11.37 Preparing to unpack .../7-libexpat1_2.5.0-1+deb12u1_arm64.deb ...
#6 11.38 Unpacking libexpat1:arm64 (2.5.0-1+deb12u1) ...
#6 11.44 Selecting previously unselected package python3.11-minimal.
#6 11.44 Preparing to unpack .../8-python3.11-minimal_3.11.2-6+deb12u5_arm64.deb ...
#6 11.45 Unpacking python3.11-minimal (3.11.2-6+deb12u5) ...
#6 11.64 Setting up libpython3.11-minimal:arm64 (3.11.2-6+deb12u5) ...
#6 11.66 Setting up libexpat1:arm64 (2.5.0-1+deb12u1) ...
#6 11.68 Setting up python3.11-minimal (3.11.2-6+deb12u5) ...
#6 12.60 Selecting previously unselected package python3-minimal.
#6 12.60 (Reading database ... (Reading database ... 5%(Reading database ... 10%(Reading database ... 15%(Reading database ... 20%(Reading database ... 25%(Reading database ... 30%(Reading database ... 35%(Reading database ... 40%(Reading database ... 45%(Reading database ... 50%(Reading database ... 55%(Reading database ... 60%(Reading database ... 65%(Reading database ... 70%(Reading database ... 75%(Reading database ... 80%(Reading database ... 85%(Reading database ... 90%(Reading database ... 95%(Reading database ... 100%(Reading database ... 9088 files and directories currently installed.)
#6 12.60 Preparing to unpack .../python3-minimal_3.11.2-1+b1_arm64.deb ...
#6 12.61 Unpacking python3-minimal (3.11.2-1+b1) ...
#6 12.66 Selecting previously unselected package media-types.
#6 12.66 Preparing to unpack .../media-types_10.0.0_all.deb ...
#6 12.67 Unpacking media-types (10.0.0) ...
#6 12.71 Selecting previously unselected package libpython3.11-stdlib:arm64.
#6 12.71 Preparing to unpack .../libpython3.11-stdlib_3.11.2-6+deb12u5_arm64.deb ...
#6 12.72 Unpacking libpython3.11-stdlib:arm64 (3.11.2-6+deb12u5) ...
#6 12.91 Selecting previously unselected package python3.11.
#6 12.91 Preparing to unpack .../python3.11_3.11.2-6+deb12u5_arm64.deb ...
#6 12.92 Unpacking python3.11 (3.11.2-6+deb12u5) ...
#6 12.97 Selecting previously unselected package libpython3-stdlib:arm64.
#6 12.97 Preparing to unpack .../libpython3-stdlib_3.11.2-1+b1_arm64.deb ...
#6 12.98 Unpacking libpython3-stdlib:arm64 (3.11.2-1+b1) ...
#6 13.03 Setting up python3-minimal (3.11.2-1+b1) ...
#6 13.25 Selecting previously unselected package python3.
#6 13.25 (Reading database ... (Reading database ... 5%(Reading database ... 10%(Reading database ... 15%(Reading database ... 20%(Reading database ... 25%(Reading database ... 30%(Reading database ... 35%(Reading database ... 40%(Reading database ... 45%(Reading database ... 50%(Reading database ... 55%(Reading database ... 60%(Reading database ... 65%(Reading database ... 70%(Reading database ... 75%(Reading database ... 80%(Reading database ... 85%(Reading database ... 90%(Reading database ... 95%(Reading database ... 100%(Reading database ... 9498 files and directories currently installed.)
#6 13.25 Preparing to unpack .../000-python3_3.11.2-1+b1_arm64.deb ...
#6 13.26 Unpacking python3 (3.11.2-1+b1) ...
#6 13.91 Selecting previously unselected package libcap2-bin.
#6 13.91 Preparing to unpack .../001-libcap2-bin_1%3a2.66-4_arm64.deb ...
#6 13.92 Unpacking libcap2-bin (1:2.66-4) ...
#6 13.96 Selecting previously unselected package iputils-ping.
#6 13.97 Preparing to unpack .../002-iputils-ping_3%3a20221126-1+deb12u1_arm64.deb ...
#6 13.97 Unpacking iputils-ping (3:20221126-1+deb12u1) ...
#6 14.03 Selecting previously unselected package less.
#6 14.03 Preparing to unpack .../003-less_590-2.1~deb12u2_arm64.deb ...
#6 14.03 Unpacking less (590-2.1~deb12u2) ...
#6 14.10 Selecting previously unselected package nano.
#6 14.10 Preparing to unpack .../004-nano_7.2-1+deb12u1_arm64.deb ...
#6 14.10 Unpacking nano (7.2-1+deb12u1) ...
#6 14.20 Selecting previously unselected package bzip2.
#6 14.20 Preparing to unpack .../005-bzip2_1.0.8-5+b1_arm64.deb ...
#6 14.20 Unpacking bzip2 (1.0.8-5+b1) ...
#6 14.25 Selecting previously unselected package liblockfile-bin.
#6 14.25 Preparing to unpack .../006-liblockfile-bin_1.17-1+b1_arm64.deb ...
#6 14.25 Unpacking liblockfile-bin (1.17-1+b1) ...
#6 14.29 Selecting previously unselected package manpages.
#6 14.29 Preparing to unpack .../007-manpages_6.03-2_all.deb ...
#6 14.30 Unpacking manpages (6.03-2) ...
#6 14.42 Selecting previously unselected package libbsd0:arm64.
#6 14.42 Preparing to unpack .../008-libbsd0_0.11.7-2_arm64.deb ...
#6 14.43 Unpacking libbsd0:arm64 (0.11.7-2) ...
#6 14.49 Selecting previously unselected package libedit2:arm64.
#6 14.49 Preparing to unpack .../009-libedit2_3.1-20221030-2_arm64.deb ...
#6 14.49 Unpacking libedit2:arm64 (3.1-20221030-2) ...
#6 14.56 Selecting previously unselected package libcbor0.8:arm64.
#6 14.56 Preparing to unpack .../010-libcbor0.8_0.8.0-2+b1_arm64.deb ...
#6 14.56 Unpacking libcbor0.8:arm64 (0.8.0-2+b1) ...
#6 14.62 Selecting previously unselected package libfido2-1:arm64.
#6 14.62 Preparing to unpack .../011-libfido2-1_1.12.0-2+b1_arm64.deb ...
#6 14.62 Unpacking libfido2-1:arm64 (1.12.0-2+b1) ...
#6 14.69 Selecting previously unselected package openssh-client.
#6 14.69 Preparing to unpack .../012-openssh-client_1%3a9.2p1-2+deb12u4_arm64.deb ...
#6 14.70 Unpacking openssh-client (1:9.2p1-2+deb12u4) ...
#6 14.84 Selecting previously unselected package xz-utils.
#6 14.84 Preparing to unpack .../013-xz-utils_5.4.1-0.2_arm64.deb ...
#6 14.85 Unpacking xz-utils (5.4.1-0.2) ...
#6 14.93 Selecting previously unselected package binutils-common:arm64.
#6 14.93 Preparing to unpack .../014-binutils-common_2.40-2_arm64.deb ...
#6 14.94 Unpacking binutils-common:arm64 (2.40-2) ...
#6 15.19 Selecting previously unselected package libbinutils:arm64.
#6 15.19 Preparing to unpack .../015-libbinutils_2.40-2_arm64.deb ...
#6 15.19 Unpacking libbinutils:arm64 (2.40-2) ...
#6 15.29 Selecting previously unselected package libctf-nobfd0:arm64.
#6 15.30 Preparing to unpack .../016-libctf-nobfd0_2.40-2_arm64.deb ...
#6 15.30 Unpacking libctf-nobfd0:arm64 (2.40-2) ...
#6 15.37 Selecting previously unselected package libctf0:arm64.
#6 15.37 Preparing to unpack .../017-libctf0_2.40-2_arm64.deb ...
#6 15.37 Unpacking libctf0:arm64 (2.40-2) ...
#6 15.43 Selecting previously unselected package libgprofng0:arm64.
#6 15.43 Preparing to unpack .../018-libgprofng0_2.40-2_arm64.deb ...
#6 15.44 Unpacking libgprofng0:arm64 (2.40-2) ...
#6 15.54 Selecting previously unselected package libjansson4:arm64.
#6 15.55 Preparing to unpack .../019-libjansson4_2.14-2_arm64.deb ...
#6 15.55 Unpacking libjansson4:arm64 (2.14-2) ...
#6 15.60 Selecting previously unselected package binutils-aarch64-linux-gnu.
#6 15.60 Preparing to unpack .../020-binutils-aarch64-linux-gnu_2.40-2_arm64.deb ...
#6 15.61 Unpacking binutils-aarch64-linux-gnu (2.40-2) ...
#6 15.90 Selecting previously unselected package binutils.
#6 15.90 Preparing to unpack .../021-binutils_2.40-2_arm64.deb ...
#6 15.90 Unpacking binutils (2.40-2) ...
#6 15.99 Selecting previously unselected package exim4-config.
#6 16.00 Preparing to unpack .../022-exim4-config_4.96-15+deb12u6_all.deb ...
#6 16.00 Unpacking exim4-config (4.96-15+deb12u6) ...
#6 16.08 Selecting previously unselected package exim4-base.
#6 16.08 Preparing to unpack .../023-exim4-base_4.96-15+deb12u6_arm64.deb ...
#6 16.08 Unpacking exim4-base (4.96-15+deb12u6) ...
#6 16.17 Selecting previously unselected package libevent-2.1-7:arm64.
#6 16.17 Preparing to unpack .../024-libevent-2.1-7_2.1.12-stable-8_arm64.deb ...
#6 16.18 Unpacking libevent-2.1-7:arm64 (2.1.12-stable-8) ...
#6 16.25 Selecting previously unselected package libunbound8:arm64.
#6 16.25 Preparing to unpack .../025-libunbound8_1.17.1-2+deb12u2_arm64.deb ...
#6 16.25 Unpacking libunbound8:arm64 (1.17.1-2+deb12u2) ...
#6 16.33 Selecting previously unselected package libgnutls-dane0:arm64.
#6 16.34 Preparing to unpack .../026-libgnutls-dane0_3.7.9-2+deb12u3_arm64.deb ...
#6 16.34 Unpacking libgnutls-dane0:arm64 (3.7.9-2+deb12u3) ...
#6 16.40 Selecting previously unselected package libidn12:arm64.
#6 16.40 Preparing to unpack .../027-libidn12_1.41-1_arm64.deb ...
#6 16.41 Unpacking libidn12:arm64 (1.41-1) ...
#6 16.48 Selecting previously unselected package exim4-daemon-light.
#6 16.48 Preparing to unpack .../028-exim4-daemon-light_4.96-15+deb12u6_arm64.deb ...
#6 16.49 Unpacking exim4-daemon-light (4.96-15+deb12u6) ...
#6 16.58 Selecting previously unselected package liblockfile1:arm64.
#6 16.58 Preparing to unpack .../029-liblockfile1_1.17-1+b1_arm64.deb ...
#6 16.58 Unpacking liblockfile1:arm64 (1.17-1+b1) ...
#6 16.63 Selecting previously unselected package bsd-mailx.
#6 16.64 Preparing to unpack .../030-bsd-mailx_8.1.2-0.20220412cvs-1_arm64.deb ...
#6 16.64 Unpacking bsd-mailx (8.1.2-0.20220412cvs-1) ...
#6 16.69 Selecting previously unselected package libc-dev-bin.
#6 16.69 Preparing to unpack .../031-libc-dev-bin_2.36-9+deb12u9_arm64.deb ...
#6 16.70 Unpacking libc-dev-bin (2.36-9+deb12u9) ...
#6 16.75 Selecting previously unselected package linux-libc-dev:arm64.
#6 16.75 Preparing to unpack .../032-linux-libc-dev_6.1.124-1_arm64.deb ...
#6 16.75 Unpacking linux-libc-dev:arm64 (6.1.124-1) ...
#6 16.93 Selecting previously unselected package libcrypt-dev:arm64.
#6 16.93 Preparing to unpack .../033-libcrypt-dev_1%3a4.4.33-2_arm64.deb ...
#6 16.94 Unpacking libcrypt-dev:arm64 (1:4.4.33-2) ...
#6 16.99 Selecting previously unselected package libtirpc-dev:arm64.
#6 16.99 Preparing to unpack .../034-libtirpc-dev_1.3.3+ds-1_arm64.deb ...
#6 17.00 Unpacking libtirpc-dev:arm64 (1.3.3+ds-1) ...
#6 17.06 Selecting previously unselected package libnsl-dev:arm64.
#6 17.06 Preparing to unpack .../035-libnsl-dev_1.3.0-2_arm64.deb ...
#6 17.06 Unpacking libnsl-dev:arm64 (1.3.0-2) ...
#6 17.11 Selecting previously unselected package rpcsvc-proto.
#6 17.11 Preparing to unpack .../036-rpcsvc-proto_1.4.3-1_arm64.deb ...
#6 17.12 Unpacking rpcsvc-proto (1.4.3-1) ...
#6 17.17 Selecting previously unselected package libc6-dev:arm64.
#6 17.17 Preparing to unpack .../037-libc6-dev_2.36-9+deb12u9_arm64.deb ...
#6 17.18 Unpacking libc6-dev:arm64 (2.36-9+deb12u9) ...
#6 17.37 Selecting previously unselected package libisl23:arm64.
#6 17.37 Preparing to unpack .../038-libisl23_0.25-1.1_arm64.deb ...
#6 17.38 Unpacking libisl23:arm64 (0.25-1.1) ...
#6 17.47 Selecting previously unselected package libmpfr6:arm64.
#6 17.48 Preparing to unpack .../039-libmpfr6_4.2.0-1_arm64.deb ...
#6 17.48 Unpacking libmpfr6:arm64 (4.2.0-1) ...
#6 17.56 Selecting previously unselected package libmpc3:arm64.
#6 17.56 Preparing to unpack .../040-libmpc3_1.3.1-1_arm64.deb ...
#6 17.57 Unpacking libmpc3:arm64 (1.3.1-1) ...
#6 17.62 Selecting previously unselected package cpp-12.
#6 17.62 Preparing to unpack .../041-cpp-12_12.2.0-14_arm64.deb ...
#6 17.62 Unpacking cpp-12 (12.2.0-14) ...
#6 18.24 Selecting previously unselected package cpp.
#6 18.24 Preparing to unpack .../042-cpp_4%3a12.2.0-3_arm64.deb ...
#6 18.25 Unpacking cpp (4:12.2.0-3) ...
#6 18.30 Selecting previously unselected package libcc1-0:arm64.
#6 18.31 Preparing to unpack .../043-libcc1-0_12.2.0-14_arm64.deb ...
#6 18.31 Unpacking libcc1-0:arm64 (12.2.0-14) ...
#6 18.38 Selecting previously unselected package libgomp1:arm64.
#6 18.38 Preparing to unpack .../044-libgomp1_12.2.0-14_arm64.deb ...
#6 18.39 Unpacking libgomp1:arm64 (12.2.0-14) ...
#6 18.45 Selecting previously unselected package libitm1:arm64.
#6 18.45 Preparing to unpack .../045-libitm1_12.2.0-14_arm64.deb ...
#6 18.46 Unpacking libitm1:arm64 (12.2.0-14) ...
#6 18.51 Selecting previously unselected package libatomic1:arm64.
#6 18.51 Preparing to unpack .../046-libatomic1_12.2.0-14_arm64.deb ...
#6 18.52 Unpacking libatomic1:arm64 (12.2.0-14) ...
#6 18.57 Selecting previously unselected package libasan8:arm64.
#6 18.57 Preparing to unpack .../047-libasan8_12.2.0-14_arm64.deb ...
#6 18.57 Unpacking libasan8:arm64 (12.2.0-14) ...
#6 18.79 Selecting previously unselected package liblsan0:arm64.
#6 18.79 Preparing to unpack .../048-liblsan0_12.2.0-14_arm64.deb ...
#6 18.80 Unpacking liblsan0:arm64 (12.2.0-14) ...
#6 18.92 Selecting previously unselected package libtsan2:arm64.
#6 18.93 Preparing to unpack .../049-libtsan2_12.2.0-14_arm64.deb ...
#6 18.93 Unpacking libtsan2:arm64 (12.2.0-14) ...
#6 19.15 Selecting previously unselected package libubsan1:arm64.
#6 19.16 Preparing to unpack .../050-libubsan1_12.2.0-14_arm64.deb ...
#6 19.16 Unpacking libubsan1:arm64 (12.2.0-14) ...
#6 19.28 Selecting previously unselected package libhwasan0:arm64.
#6 19.28 Preparing to unpack .../051-libhwasan0_12.2.0-14_arm64.deb ...
#6 19.29 Unpacking libhwasan0:arm64 (12.2.0-14) ...
#6 19.40 Selecting previously unselected package libgcc-12-dev:arm64.
#6 19.40 Preparing to unpack .../052-libgcc-12-dev_12.2.0-14_arm64.deb ...
#6 19.41 Unpacking libgcc-12-dev:arm64 (12.2.0-14) ...
#6 19.55 Selecting previously unselected package gcc-12.
#6 19.55 Preparing to unpack .../053-gcc-12_12.2.0-14_arm64.deb ...
#6 19.56 Unpacking gcc-12 (12.2.0-14) ...
#6 20.27 Selecting previously unselected package gcc.
#6 20.27 Preparing to unpack .../054-gcc_4%3a12.2.0-3_arm64.deb ...
#6 20.28 Unpacking gcc (4:12.2.0-3) ...
#6 20.34 Selecting previously unselected package libstdc++-12-dev:arm64.
#6 20.34 Preparing to unpack .../055-libstdc++-12-dev_12.2.0-14_arm64.deb ...
#6 20.34 Unpacking libstdc++-12-dev:arm64 (12.2.0-14) ...
#6 20.58 Selecting previously unselected package g++-12.
#6 20.58 Preparing to unpack .../056-g++-12_12.2.0-14_arm64.deb ...
#6 20.61 Unpacking g++-12 (12.2.0-14) ...
#6 21.25 Selecting previously unselected package g++.
#6 21.26 Preparing to unpack .../057-g++_4%3a12.2.0-3_arm64.deb ...
#6 21.26 Unpacking g++ (4:12.2.0-3) ...
#6 21.30 Selecting previously unselected package make.
#6 21.30 Preparing to unpack .../058-make_4.3-4.1_arm64.deb ...
#6 21.31 Unpacking make (4.3-4.1) ...
#6 21.38 Selecting previously unselected package libdpkg-perl.
#6 21.38 Preparing to unpack .../059-libdpkg-perl_1.21.22_all.deb ...
#6 21.39 Unpacking libdpkg-perl (1.21.22) ...
#6 21.47 Selecting previously unselected package patch.
#6 21.47 Preparing to unpack .../060-patch_2.7.6-7_arm64.deb ...
#6 21.48 Unpacking patch (2.7.6-7) ...
#6 21.54 Selecting previously unselected package dpkg-dev.
#6 21.54 Preparing to unpack .../061-dpkg-dev_1.21.22_all.deb ...
#6 21.54 Unpacking dpkg-dev (1.21.22) ...
#6 21.66 Selecting previously unselected package build-essential.
#6 21.66 Preparing to unpack .../062-build-essential_12.9_arm64.deb ...
#6 21.67 Unpacking build-essential (12.9) ...
#6 21.76 Selecting previously unselected package libassuan0:arm64.
#6 21.76 Preparing to unpack .../063-libassuan0_2.5.5-5_arm64.deb ...
#6 21.76 Unpacking libassuan0:arm64 (2.5.5-5) ...
#6 21.81 Selecting previously unselected package gpgconf.
#6 21.81 Preparing to unpack .../064-gpgconf_2.2.40-1.1_arm64.deb ...
#6 21.82 Unpacking gpgconf (2.2.40-1.1) ...
#6 21.90 Selecting previously unselected package libksba8:arm64.
#6 21.90 Preparing to unpack .../065-libksba8_1.6.3-2_arm64.deb ...
#6 21.91 Unpacking libksba8:arm64 (1.6.3-2) ...
#6 21.96 Selecting previously unselected package libsasl2-modules-db:arm64.
#6 21.96 Preparing to unpack .../066-libsasl2-modules-db_2.1.28+dfsg-10_arm64.deb ...
#6 21.96 Unpacking libsasl2-modules-db:arm64 (2.1.28+dfsg-10) ...
#6 22.01 Selecting previously unselected package libsasl2-2:arm64.
#6 22.01 Preparing to unpack .../067-libsasl2-2_2.1.28+dfsg-10_arm64.deb ...
#6 22.02 Unpacking libsasl2-2:arm64 (2.1.28+dfsg-10) ...
#6 22.08 Selecting previously unselected package libldap-2.5-0:arm64.
#6 22.08 Preparing to unpack .../068-libldap-2.5-0_2.5.13+dfsg-5_arm64.deb ...
#6 22.08 Unpacking libldap-2.5-0:arm64 (2.5.13+dfsg-5) ...
#6 22.15 Selecting previously unselected package libnpth0:arm64.
#6 22.15 Preparing to unpack .../069-libnpth0_1.6-3_arm64.deb ...
#6 22.16 Unpacking libnpth0:arm64 (1.6-3) ...
#6 22.21 Selecting previously unselected package dirmngr.
#6 22.21 Preparing to unpack .../070-dirmngr_2.2.40-1.1_arm64.deb ...
#6 22.23 Unpacking dirmngr (2.2.40-1.1) ...
#6 22.31 Selecting previously unselected package libfakeroot:arm64.
#6 22.31 Preparing to unpack .../071-libfakeroot_1.31-1.2_arm64.deb ...
#6 22.32 Unpacking libfakeroot:arm64 (1.31-1.2) ...
#6 22.37 Selecting previously unselected package fakeroot.
#6 22.37 Preparing to unpack .../072-fakeroot_1.31-1.2_arm64.deb ...
#6 22.38 Unpacking fakeroot (1.31-1.2) ...
#6 22.42 Selecting previously unselected package fonts-dejavu-core.
#6 22.43 Preparing to unpack .../073-fonts-dejavu-core_2.37-6_all.deb ...
#6 22.43 Unpacking fonts-dejavu-core (2.37-6) ...
#6 22.66 Selecting previously unselected package fontconfig-config.
#6 22.66 Preparing to unpack .../074-fontconfig-config_2.14.1-4_arm64.deb ...
#6 22.75 Unpacking fontconfig-config (2.14.1-4) ...
#6 22.84 Selecting previously unselected package libbrotli1:arm64.
#6 22.84 Preparing to unpack .../075-libbrotli1_1.0.9-2+b6_arm64.deb ...
#6 22.85 Unpacking libbrotli1:arm64 (1.0.9-2+b6) ...
#6 22.94 Selecting previously unselected package libnghttp2-14:arm64.
#6 22.94 Preparing to unpack .../076-libnghttp2-14_1.52.0-1+deb12u2_arm64.deb ...
#6 22.95 Unpacking libnghttp2-14:arm64 (1.52.0-1+deb12u2) ...
#6 23.01 Selecting previously unselected package libpsl5:arm64.
#6 23.01 Preparing to unpack .../077-libpsl5_0.21.2-1_arm64.deb ...
#6 23.02 Unpacking libpsl5:arm64 (0.21.2-1) ...
#6 23.09 Selecting previously unselected package librtmp1:arm64.
#6 23.09 Preparing to unpack .../078-librtmp1_2.4+20151223.gitfa8646d.1-2+b2_arm64.deb ...
#6 23.10 Unpacking librtmp1:arm64 (2.4+20151223.gitfa8646d.1-2+b2) ...
#6 23.17 Selecting previously unselected package libssh2-1:arm64.
#6 23.17 Preparing to unpack .../079-libssh2-1_1.10.0-3+b1_arm64.deb ...
#6 23.18 Unpacking libssh2-1:arm64 (1.10.0-3+b1) ...
#6 23.25 Selecting previously unselected package libcurl3-gnutls:arm64.
#6 23.25 Preparing to unpack .../080-libcurl3-gnutls_7.88.1-10+deb12u8_arm64.deb ...
#6 23.26 Unpacking libcurl3-gnutls:arm64 (7.88.1-10+deb12u8) ...
#6 23.33 Selecting previously unselected package liberror-perl.
#6 23.33 Preparing to unpack .../081-liberror-perl_0.17029-2_all.deb ...
#6 23.34 Unpacking liberror-perl (0.17029-2) ...
#6 23.45 Selecting previously unselected package git-man.
#6 23.45 Preparing to unpack .../082-git-man_1%3a2.39.5-0+deb12u1_all.deb ...
#6 23.46 Unpacking git-man (1:2.39.5-0+deb12u1) ...
#6 23.60 Selecting previously unselected package git.
#6 23.60 Preparing to unpack .../083-git_1%3a2.39.5-0+deb12u1_arm64.deb ...
#6 23.61 Unpacking git (1:2.39.5-0+deb12u1) ...
#6 24.05 Selecting previously unselected package gnupg-l10n.
#6 24.05 Preparing to unpack .../084-gnupg-l10n_2.2.40-1.1_all.deb ...
#6 24.06 Unpacking gnupg-l10n (2.2.40-1.1) ...
#6 24.17 Selecting previously unselected package gnupg-utils.
#6 24.17 Preparing to unpack .../085-gnupg-utils_2.2.40-1.1_arm64.deb ...
#6 24.17 Unpacking gnupg-utils (2.2.40-1.1) ...
#6 24.28 Selecting previously unselected package gpg.
#6 24.28 Preparing to unpack .../086-gpg_2.2.40-1.1_arm64.deb ...
#6 24.28 Unpacking gpg (2.2.40-1.1) ...
#6 24.37 Selecting previously unselected package pinentry-curses.
#6 24.38 Preparing to unpack .../087-pinentry-curses_1.2.1-1_arm64.deb ...
#6 24.38 Unpacking pinentry-curses (1.2.1-1) ...
#6 24.44 Selecting previously unselected package gpg-agent.
#6 24.44 Preparing to unpack .../088-gpg-agent_2.2.40-1.1_arm64.deb ...
#6 24.45 Unpacking gpg-agent (2.2.40-1.1) ...
#6 24.54 Selecting previously unselected package gpg-wks-client.
#6 24.54 Preparing to unpack .../089-gpg-wks-client_2.2.40-1.1_arm64.deb ...
#6 24.55 Unpacking gpg-wks-client (2.2.40-1.1) ...
#6 24.61 Selecting previously unselected package gpg-wks-server.
#6 24.61 Preparing to unpack .../090-gpg-wks-server_2.2.40-1.1_arm64.deb ...
#6 24.62 Unpacking gpg-wks-server (2.2.40-1.1) ...
#6 24.67 Selecting previously unselected package gpgsm.
#6 24.67 Preparing to unpack .../091-gpgsm_2.2.40-1.1_arm64.deb ...
#6 24.68 Unpacking gpgsm (2.2.40-1.1) ...
#6 24.74 Selecting previously unselected package gnupg.
#6 24.74 Preparing to unpack .../092-gnupg_2.2.40-1.1_all.deb ...
#6 24.75 Unpacking gnupg (2.2.40-1.1) ...
#6 24.84 Selecting previously unselected package javascript-common.
#6 24.84 Preparing to unpack .../093-javascript-common_11+nmu1_all.deb ...
#6 24.86 Unpacking javascript-common (11+nmu1) ...
#6 24.91 Selecting previously unselected package libabsl20220623:arm64.
#6 24.91 Preparing to unpack .../094-libabsl20220623_20220623.1-1_arm64.deb ...
#6 24.92 Unpacking libabsl20220623:arm64 (20220623.1-1) ...
#6 25.07 Selecting previously unselected package libalgorithm-diff-perl.
#6 25.07 Preparing to unpack .../095-libalgorithm-diff-perl_1.201-1_all.deb ...
#6 25.08 Unpacking libalgorithm-diff-perl (1.201-1) ...
#6 25.12 Selecting previously unselected package libalgorithm-diff-xs-perl:arm64.
#6 25.12 Preparing to unpack .../096-libalgorithm-diff-xs-perl_0.04-8+b1_arm64.deb ...
#6 25.13 Unpacking libalgorithm-diff-xs-perl:arm64 (0.04-8+b1) ...
#6 25.18 Selecting previously unselected package libalgorithm-merge-perl.
#6 25.18 Preparing to unpack .../097-libalgorithm-merge-perl_0.08-5_all.deb ...
#6 25.19 Unpacking libalgorithm-merge-perl (0.08-5) ...
#6 25.24 Selecting previously unselected package libaom3:arm64.
#6 25.25 Preparing to unpack .../098-libaom3_3.6.0-1+deb12u1_arm64.deb ...
#6 25.25 Unpacking libaom3:arm64 (3.6.0-1+deb12u1) ...
#6 25.43 Selecting previously unselected package libdav1d6:arm64.
#6 25.43 Preparing to unpack .../099-libdav1d6_1.0.0-2+deb12u1_arm64.deb ...
#6 25.44 Unpacking libdav1d6:arm64 (1.0.0-2+deb12u1) ...
#6 25.52 Selecting previously unselected package libgav1-1:arm64.
#6 25.52 Preparing to unpack .../100-libgav1-1_0.18.0-1+b1_arm64.deb ...
#6 25.53 Unpacking libgav1-1:arm64 (0.18.0-1+b1) ...
#6 25.61 Selecting previously unselected package librav1e0:arm64.
#6 25.62 Preparing to unpack .../101-librav1e0_0.5.1-6_arm64.deb ...
#6 25.62 Unpacking librav1e0:arm64 (0.5.1-6) ...
#6 25.75 Selecting previously unselected package libsvtav1enc1:arm64.
#6 25.75 Preparing to unpack .../102-libsvtav1enc1_1.4.1+dfsg-1_arm64.deb ...
#6 25.76 Unpacking libsvtav1enc1:arm64 (1.4.1+dfsg-1) ...
#6 25.90 Selecting previously unselected package libjpeg62-turbo:arm64.
#6 25.91 Preparing to unpack .../103-libjpeg62-turbo_1%3a2.1.5-2_arm64.deb ...
#6 25.91 Unpacking libjpeg62-turbo:arm64 (1:2.1.5-2) ...
#6 25.99 Selecting previously unselected package libyuv0:arm64.
#6 25.99 Preparing to unpack .../104-libyuv0_0.0~git20230123.b2528b0-1_arm64.deb ...
#6 26.00 Unpacking libyuv0:arm64 (0.0~git20230123.b2528b0-1) ...
#6 26.06 Selecting previously unselected package libavif15:arm64.
#6 26.07 Preparing to unpack .../105-libavif15_0.11.1-1_arm64.deb ...
#6 26.07 Unpacking libavif15:arm64 (0.11.1-1) ...
#6 26.13 Selecting previously unselected package libpng16-16:arm64.
#6 26.13 Preparing to unpack .../106-libpng16-16_1.6.39-2_arm64.deb ...
#6 26.14 Unpacking libpng16-16:arm64 (1.6.39-2) ...
#6 26.21 Selecting previously unselected package libfreetype6:arm64.
#6 26.21 Preparing to unpack .../107-libfreetype6_2.12.1+dfsg-5+deb12u3_arm64.deb ...
#6 26.21 Unpacking libfreetype6:arm64 (2.12.1+dfsg-5+deb12u3) ...
#6 26.31 Selecting previously unselected package libfontconfig1:arm64.
#6 26.31 Preparing to unpack .../108-libfontconfig1_2.14.1-4_arm64.deb ...
#6 26.31 Unpacking libfontconfig1:arm64 (2.14.1-4) ...
#6 26.38 Selecting previously unselected package libde265-0:arm64.
#6 26.38 Preparing to unpack .../109-libde265-0_1.0.11-1+deb12u2_arm64.deb ...
#6 26.39 Unpacking libde265-0:arm64 (1.0.11-1+deb12u2) ...
#6 26.45 Selecting previously unselected package libnuma1:arm64.
#6 26.45 Preparing to unpack .../110-libnuma1_2.0.16-1_arm64.deb ...
#6 26.46 Unpacking libnuma1:arm64 (2.0.16-1) ...
#6 26.52 Selecting previously unselected package libx265-199:arm64.
#6 26.52 Preparing to unpack .../111-libx265-199_3.5-2+b1_arm64.deb ...
#6 26.53 Unpacking libx265-199:arm64 (3.5-2+b1) ...
#6 26.65 Selecting previously unselected package libheif1:arm64.
#6 26.65 Preparing to unpack .../112-libheif1_1.15.1-1+deb12u1_arm64.deb ...
#6 26.66 Unpacking libheif1:arm64 (1.15.1-1+deb12u1) ...
#6 26.73 Selecting previously unselected package libdeflate0:arm64.
#6 26.73 Preparing to unpack .../113-libdeflate0_1.14-1_arm64.deb ...
#6 26.74 Unpacking libdeflate0:arm64 (1.14-1) ...
#6 26.79 Selecting previously unselected package libjbig0:arm64.
#6 26.79 Preparing to unpack .../114-libjbig0_2.1-6.1_arm64.deb ...
#6 26.80 Unpacking libjbig0:arm64 (2.1-6.1) ...
#6 26.87 Selecting previously unselected package liblerc4:arm64.
#6 26.88 Preparing to unpack .../115-liblerc4_4.0.0+ds-2_arm64.deb ...
#6 26.88 Unpacking liblerc4:arm64 (4.0.0+ds-2) ...
#6 26.95 Selecting previously unselected package libwebp7:arm64.
#6 26.95 Preparing to unpack .../116-libwebp7_1.2.4-0.2+deb12u1_arm64.deb ...
#6 26.96 Unpacking libwebp7:arm64 (1.2.4-0.2+deb12u1) ...
#6 27.03 Selecting previously unselected package libtiff6:arm64.
#6 27.03 Preparing to unpack .../117-libtiff6_4.5.0-6+deb12u2_arm64.deb ...
#6 27.04 Unpacking libtiff6:arm64 (4.5.0-6+deb12u2) ...
#6 27.10 Selecting previously unselected package libxau6:arm64.
#6 27.10 Preparing to unpack .../118-libxau6_1%3a1.0.9-1_arm64.deb ...
#6 27.11 Unpacking libxau6:arm64 (1:1.0.9-1) ...
#6 27.16 Selecting previously unselected package libxdmcp6:arm64.
#6 27.16 Preparing to unpack .../119-libxdmcp6_1%3a1.1.2-3_arm64.deb ...
#6 27.17 Unpacking libxdmcp6:arm64 (1:1.1.2-3) ...
#6 27.23 Selecting previously unselected package libxcb1:arm64.
#6 27.23 Preparing to unpack .../120-libxcb1_1.15-1_arm64.deb ...
#6 27.24 Unpacking libxcb1:arm64 (1.15-1) ...
#6 27.29 Selecting previously unselected package libx11-data.
#6 27.29 Preparing to unpack .../121-libx11-data_2%3a1.8.4-2+deb12u2_all.deb ...
#6 27.30 Unpacking libx11-data (2:1.8.4-2+deb12u2) ...
#6 27.41 Selecting previously unselected package libx11-6:arm64.
#6 27.41 Preparing to unpack .../122-libx11-6_2%3a1.8.4-2+deb12u2_arm64.deb ...
#6 27.41 Unpacking libx11-6:arm64 (2:1.8.4-2+deb12u2) ...
#6 27.50 Selecting previously unselected package libxpm4:arm64.
#6 27.50 Preparing to unpack .../123-libxpm4_1%3a3.5.12-1.1+deb12u1_arm64.deb ...
#6 27.52 Unpacking libxpm4:arm64 (1:3.5.12-1.1+deb12u1) ...
#6 27.57 Selecting previously unselected package libgd3:arm64.
#6 27.57 Preparing to unpack .../124-libgd3_2.3.3-9_arm64.deb ...
#6 27.58 Unpacking libgd3:arm64 (2.3.3-9) ...
#6 27.64 Selecting previously unselected package libc-devtools.
#6 27.65 Preparing to unpack .../125-libc-devtools_2.36-9+deb12u9_arm64.deb ...
#6 27.65 Unpacking libc-devtools (2.36-9+deb12u9) ...
#6 27.71 Selecting previously unselected package libexpat1-dev:arm64.
#6 27.71 Preparing to unpack .../126-libexpat1-dev_2.5.0-1+deb12u1_arm64.deb ...
#6 27.71 Unpacking libexpat1-dev:arm64 (2.5.0-1+deb12u1) ...
#6 27.77 Selecting previously unselected package libfile-fcntllock-perl.
#6 27.78 Preparing to unpack .../127-libfile-fcntllock-perl_0.22-4+b1_arm64.deb ...
#6 27.79 Unpacking libfile-fcntllock-perl (0.22-4+b1) ...
#6 27.85 Selecting previously unselected package libjs-jquery.
#6 27.85 Preparing to unpack .../128-libjs-jquery_3.6.1+dfsg+~3.5.14-1_all.deb ...
#6 27.86 Unpacking libjs-jquery (3.6.1+dfsg+~3.5.14-1) ...
#6 27.93 Selecting previously unselected package libjs-underscore.
#6 27.93 Preparing to unpack .../129-libjs-underscore_1.13.4~dfsg+~1.11.4-3_all.deb ...
#6 27.93 Unpacking libjs-underscore (1.13.4~dfsg+~1.11.4-3) ...
#6 27.98 Selecting previously unselected package libjs-sphinxdoc.
#6 27.99 Preparing to unpack .../130-libjs-sphinxdoc_5.3.0-4_all.deb ...
#6 27.99 Unpacking libjs-sphinxdoc (5.3.0-4) ...
#6 28.06 Selecting previously unselected package libldap-common.
#6 28.06 Preparing to unpack .../131-libldap-common_2.5.13+dfsg-5_all.deb ...
#6 28.06 Unpacking libldap-common (2.5.13+dfsg-5) ...
#6 28.12 Selecting previously unselected package libpam-cap:arm64.
#6 28.12 Preparing to unpack .../132-libpam-cap_1%3a2.66-4_arm64.deb ...
#6 28.13 Unpacking libpam-cap:arm64 (1:2.66-4) ...
#6 28.18 Selecting previously unselected package libpq5:arm64.
#6 28.18 Preparing to unpack .../133-libpq5_15.10-0+deb12u1_arm64.deb ...
#6 28.19 Unpacking libpq5:arm64 (15.10-0+deb12u1) ...
#6 28.25 Selecting previously unselected package libssl-dev:arm64.
#6 28.25 Preparing to unpack .../134-libssl-dev_3.0.15-1~deb12u1_arm64.deb ...
#6 28.27 Unpacking libssl-dev:arm64 (3.0.15-1~deb12u1) ...
#6 28.51 Selecting previously unselected package libpq-dev.
#6 28.51 Preparing to unpack .../135-libpq-dev_15.10-0+deb12u1_arm64.deb ...
#6 28.52 Unpacking libpq-dev (15.10-0+deb12u1) ...
#6 28.59 Selecting previously unselected package libpython3.11:arm64.
#6 28.59 Preparing to unpack .../136-libpython3.11_3.11.2-6+deb12u5_arm64.deb ...
#6 28.60 Unpacking libpython3.11:arm64 (3.11.2-6+deb12u5) ...
#6 28.79 Selecting previously unselected package zlib1g-dev:arm64.
#6 28.79 Preparing to unpack .../137-zlib1g-dev_1%3a1.2.13.dfsg-1_arm64.deb ...
#6 28.80 Unpacking zlib1g-dev:arm64 (1:1.2.13.dfsg-1) ...
#6 28.88 Selecting previously unselected package libpython3.11-dev:arm64.
#6 28.88 Preparing to unpack .../138-libpython3.11-dev_3.11.2-6+deb12u5_arm64.deb ...
#6 28.89 Unpacking libpython3.11-dev:arm64 (3.11.2-6+deb12u5) ...
#6 29.30 Selecting previously unselected package libpython3-dev:arm64.
#6 29.31 Preparing to unpack .../139-libpython3-dev_3.11.2-1+b1_arm64.deb ...
#6 29.32 Unpacking libpython3-dev:arm64 (3.11.2-1+b1) ...
#6 29.38 Selecting previously unselected package libsasl2-modules:arm64.
#6 29.38 Preparing to unpack .../140-libsasl2-modules_2.1.28+dfsg-10_arm64.deb ...
#6 29.39 Unpacking libsasl2-modules:arm64 (2.1.28+dfsg-10) ...
#6 29.46 Selecting previously unselected package libxext6:arm64.
#6 29.46 Preparing to unpack .../141-libxext6_2%3a1.3.4-1+b1_arm64.deb ...
#6 29.47 Unpacking libxext6:arm64 (2:1.3.4-1+b1) ...
#6 29.55 Selecting previously unselected package libxmuu1:arm64.
#6 29.55 Preparing to unpack .../142-libxmuu1_2%3a1.1.3-3_arm64.deb ...
#6 29.55 Unpacking libxmuu1:arm64 (2:1.1.3-3) ...
#6 29.60 Selecting previously unselected package manpages-dev.
#6 29.60 Preparing to unpack .../143-manpages-dev_6.03-2_all.deb ...
#6 29.61 Unpacking manpages-dev (6.03-2) ...
#6 29.83 Selecting previously unselected package psmisc.
#6 29.83 Preparing to unpack .../144-psmisc_23.6-1_arm64.deb ...
#6 29.84 Unpacking psmisc (23.6-1) ...
#6 29.90 Selecting previously unselected package publicsuffix.
#6 29.90 Preparing to unpack .../145-publicsuffix_20230209.2326-1_all.deb ...
#6 29.91 Unpacking publicsuffix (20230209.2326-1) ...
#6 29.96 Selecting previously unselected package python3.11-dev.
#6 29.96 Preparing to unpack .../146-python3.11-dev_3.11.2-6+deb12u5_arm64.deb ...
#6 29.97 Unpacking python3.11-dev (3.11.2-6+deb12u5) ...
#6 30.04 Selecting previously unselected package python3-lib2to3.
#6 30.04 Preparing to unpack .../147-python3-lib2to3_3.11.2-3_all.deb ...
#6 30.04 Unpacking python3-lib2to3 (3.11.2-3) ...
#6 30.12 Selecting previously unselected package python3-distutils.
#6 30.12 Preparing to unpack .../148-python3-distutils_3.11.2-3_all.deb ...
#6 30.12 Unpacking python3-distutils (3.11.2-3) ...
#6 30.18 Selecting previously unselected package python3-dev.
#6 30.19 Preparing to unpack .../149-python3-dev_3.11.2-1+b1_arm64.deb ...
#6 30.19 Unpacking python3-dev (3.11.2-1+b1) ...
#6 30.24 Selecting previously unselected package python3-pkg-resources.
#6 30.25 Preparing to unpack .../150-python3-pkg-resources_66.1.1-1+deb12u1_all.deb ...
#6 30.25 Unpacking python3-pkg-resources (66.1.1-1+deb12u1) ...
#6 30.35 Selecting previously unselected package python3-setuptools.
#6 30.35 Preparing to unpack .../151-python3-setuptools_66.1.1-1+deb12u1_all.deb ...
#6 30.35 Unpacking python3-setuptools (66.1.1-1+deb12u1) ...
#6 30.46 Selecting previously unselected package python3-wheel.
#6 30.46 Preparing to unpack .../152-python3-wheel_0.38.4-2_all.deb ...
#6 30.46 Unpacking python3-wheel (0.38.4-2) ...
#6 30.52 Selecting previously unselected package python3-pip.
#6 30.53 Preparing to unpack .../153-python3-pip_23.0.1+dfsg-1_all.deb ...
#6 30.53 Unpacking python3-pip (23.0.1+dfsg-1) ...
#6 30.70 Selecting previously unselected package xauth.
#6 30.70 Preparing to unpack .../154-xauth_1%3a1.1.2-1_arm64.deb ...
#6 30.71 Unpacking xauth (1:1.1.2-1) ...
#6 30.81 Setting up libksba8:arm64 (1.6.3-2) ...
#6 30.83 Setting up media-types (10.0.0) ...
#6 30.86 Setting up javascript-common (11+nmu1) ...
#6 30.91 Setting up libaom3:arm64 (3.6.0-1+deb12u1) ...
#6 30.93 Setting up libabsl20220623:arm64 (20220623.1-1) ...
#6 30.97 Setting up libxau6:arm64 (1:1.0.9-1) ...
#6 30.99 Setting up libpsl5:arm64 (0.21.2-1) ...
#6 31.01 Setting up liblerc4:arm64 (4.0.0+ds-2) ...
#6 31.03 Setting up liblockfile-bin (1.17-1+b1) ...
#6 31.05 Setting up psmisc (23.6-1) ...
#6 31.07 Setting up manpages (6.03-2) ...
#6 31.09 Setting up libcbor0.8:arm64 (0.8.0-2+b1) ...
#6 31.11 Setting up libpython3.11-stdlib:arm64 (3.11.2-6+deb12u5) ...
#6 31.13 Setting up libbrotli1:arm64 (1.0.9-2+b6) ...
#6 31.15 Setting up libsasl2-modules:arm64 (2.1.28+dfsg-10) ...
#6 31.17 Setting up binutils-common:arm64 (2.40-2) ...
#6 31.23 Setting up libnghttp2-14:arm64 (1.52.0-1+deb12u2) ...
#6 31.25 Setting up libdeflate0:arm64 (1.14-1) ...
#6 31.27 Setting up less (590-2.1~deb12u2) ...
#6 31.30 Setting up linux-libc-dev:arm64 (6.1.124-1) ...
#6 31.33 Setting up libctf-nobfd0:arm64 (2.40-2) ...
#6 31.35 Setting up libnpth0:arm64 (1.6-3) ...
#6 31.37 Setting up libsvtav1enc1:arm64 (1.4.1+dfsg-1) ...
#6 31.39 Setting up libassuan0:arm64 (2.5.5-5) ...
#6 31.41 Setting up libgomp1:arm64 (12.2.0-14) ...
#6 31.43 Setting up bzip2 (1.0.8-5+b1) ...
#6 31.45 Setting up libldap-common (2.5.13+dfsg-5) ...
#6 31.47 Setting up libjbig0:arm64 (2.1-6.1) ...
#6 31.49 Setting up librav1e0:arm64 (0.5.1-6) ...
#6 31.51 Setting up libfakeroot:arm64 (1.31-1.2) ...
#6 31.54 Setting up libjansson4:arm64 (2.14-2) ...
#6 31.56 Setting up libsasl2-modules-db:arm64 (2.1.28+dfsg-10) ...
#6 31.58 Setting up libcap2-bin (1:2.66-4) ...
#6 31.60 Setting up fakeroot (1.31-1.2) ...
#6 31.62 update-alternatives: using /usr/bin/fakeroot-sysv to provide /usr/bin/fakeroot (fakeroot) in auto mode
#6 31.62 update-alternatives: warning: skip creation of /usr/share/man/man1/fakeroot.1.gz because associated file /usr/share/man/man1/fakeroot-sysv.1.gz (of link group fakeroot) doesn't exist
#6 31.62 update-alternatives: warning: skip creation of /usr/share/man/man1/faked.1.gz because associated file /usr/share/man/man1/faked-sysv.1.gz (of link group fakeroot) doesn't exist
#6 31.62 update-alternatives: warning: skip creation of /usr/share/man/es/man1/fakeroot.1.gz because associated file /usr/share/man/es/man1/fakeroot-sysv.1.gz (of link group fakeroot) doesn't exist
#6 31.62 update-alternatives: warning: skip creation of /usr/share/man/es/man1/faked.1.gz because associated file /usr/share/man/es/man1/faked-sysv.1.gz (of link group fakeroot) doesn't exist
#6 31.62 update-alternatives: warning: skip creation of /usr/share/man/fr/man1/fakeroot.1.gz because associated file /usr/share/man/fr/man1/fakeroot-sysv.1.gz (of link group fakeroot) doesn't exist
#6 31.62 update-alternatives: warning: skip creation of /usr/share/man/fr/man1/faked.1.gz because associated file /usr/share/man/fr/man1/faked-sysv.1.gz (of link group fakeroot) doesn't exist
#6 31.62 update-alternatives: warning: skip creation of /usr/share/man/sv/man1/fakeroot.1.gz because associated file /usr/share/man/sv/man1/fakeroot-sysv.1.gz (of link group fakeroot) doesn't exist
#6 31.62 update-alternatives: warning: skip creation of /usr/share/man/sv/man1/faked.1.gz because associated file /usr/share/man/sv/man1/faked-sysv.1.gz (of link group fakeroot) doesn't exist
#6 31.66 Setting up perl-modules-5.36 (5.36.0-7+deb12u1) ...
#6 31.68 Setting up libtirpc-dev:arm64 (1.3.3+ds-1) ...
#6 31.70 Setting up rpcsvc-proto (1.4.3-1) ...
#6 31.72 Setting up libjpeg62-turbo:arm64 (1:2.1.5-2) ...
#6 31.73 Setting up libx11-data (2:1.8.4-2+deb12u2) ...
#6 31.75 Setting up make (4.3-4.1) ...
#6 31.77 Setting up libmpfr6:arm64 (4.2.0-1) ...
#6 31.79 Setting up gnupg-l10n (2.2.40-1.1) ...
#6 31.81 Setting up librtmp1:arm64 (2.4+20151223.gitfa8646d.1-2+b2) ...
#6 31.83 Setting up xz-utils (5.4.1-0.2) ...
#6 31.84 update-alternatives: using /usr/bin/xz to provide /usr/bin/lzma (lzma) in auto mode
#6 31.84 update-alternatives: warning: skip creation of /usr/share/man/man1/lzma.1.gz because associated file /usr/share/man/man1/xz.1.gz (of link group lzma) doesn't exist
#6 31.84 update-alternatives: warning: skip creation of /usr/share/man/man1/unlzma.1.gz because associated file /usr/share/man/man1/unxz.1.gz (of link group lzma) doesn't exist
#6 31.84 update-alternatives: warning: skip creation of /usr/share/man/man1/lzcat.1.gz because associated file /usr/share/man/man1/xzcat.1.gz (of link group lzma) doesn't exist
#6 31.84 update-alternatives: warning: skip creation of /usr/share/man/man1/lzmore.1.gz because associated file /usr/share/man/man1/xzmore.1.gz (of link group lzma) doesn't exist
#6 31.84 update-alternatives: warning: skip creation of /usr/share/man/man1/lzless.1.gz because associated file /usr/share/man/man1/xzless.1.gz (of link group lzma) doesn't exist
#6 31.85 update-alternatives: warning: skip creation of /usr/share/man/man1/lzdiff.1.gz because associated file /usr/share/man/man1/xzdiff.1.gz (of link group lzma) doesn't exist
#6 31.85 update-alternatives: warning: skip creation of /usr/share/man/man1/lzcmp.1.gz because associated file /usr/share/man/man1/xzcmp.1.gz (of link group lzma) doesn't exist
#6 31.85 update-alternatives: warning: skip creation of /usr/share/man/man1/lzgrep.1.gz because associated file /usr/share/man/man1/xzgrep.1.gz (of link group lzma) doesn't exist
#6 31.85 update-alternatives: warning: skip creation of /usr/share/man/man1/lzegrep.1.gz because associated file /usr/share/man/man1/xzegrep.1.gz (of link group lzma) doesn't exist
#6 31.85 update-alternatives: warning: skip creation of /usr/share/man/man1/lzfgrep.1.gz because associated file /usr/share/man/man1/xzfgrep.1.gz (of link group lzma) doesn't exist
#6 31.86 Setting up libssl-dev:arm64 (3.0.15-1~deb12u1) ...
#6 31.88 Setting up libpng16-16:arm64 (1.6.39-2) ...
#6 31.90 Setting up libmpc3:arm64 (1.3.1-1) ...
#6 31.92 Setting up libatomic1:arm64 (12.2.0-14) ...
#6 31.94 Setting up libidn12:arm64 (1.41-1) ...
#6 31.96 Setting up libevent-2.1-7:arm64 (2.1.12-stable-8) ...
#6 31.99 Setting up patch (2.7.6-7) ...
#6 32.01 Setting up fonts-dejavu-core (2.37-6) ...
#6 32.14 Setting up libgdbm-compat4:arm64 (1.23-3) ...
#6 32.16 Setting up libgav1-1:arm64 (0.18.0-1+b1) ...
#6 32.17 Setting up libdav1d6:arm64 (1.0.0-2+deb12u1) ...
#6 32.19 Setting up libsasl2-2:arm64 (2.1.28+dfsg-10) ...
#6 32.22 Setting up libwebp7:arm64 (1.2.4-0.2+deb12u1) ...
#6 32.23 Setting up libubsan1:arm64 (12.2.0-14) ...
#6 32.26 Setting up nano (7.2-1+deb12u1) ...
#6 32.28 update-alternatives: using /bin/nano to provide /usr/bin/editor (editor) in auto mode
#6 32.28 update-alternatives: warning: skip creation of /usr/share/man/man1/editor.1.gz because associated file /usr/share/man/man1/nano.1.gz (of link group editor) doesn't exist
#6 32.29 update-alternatives: using /bin/nano to provide /usr/bin/pico (pico) in auto mode
#6 32.29 update-alternatives: warning: skip creation of /usr/share/man/man1/pico.1.gz because associated file /usr/share/man/man1/nano.1.gz (of link group pico) doesn't exist
#6 32.30 Setting up libnuma1:arm64 (2.0.16-1) ...
#6 32.31 Setting up libnsl-dev:arm64 (1.3.0-2) ...
#6 32.34 Setting up sensible-utils (0.0.17+nmu1) ...
#6 32.35 Setting up exim4-config (4.96-15+deb12u6) ...
#6 32.81 debconf: unable to initialize frontend: Dialog
#6 32.81 debconf: (TERM is not set, so the dialog frontend is not usable.)
#6 32.81 debconf: falling back to frontend: Readline
#6 32.82 debconf: unable to initialize frontend: Readline
#6 32.82 debconf: (This frontend requires a controlling tty.)
#6 32.82 debconf: falling back to frontend: Teletype
#6 32.91 Adding system-user for exim (v4)
#6 33.26 Setting up libhwasan0:arm64 (12.2.0-14) ...
#6 33.29 Setting up libcrypt-dev:arm64 (1:4.4.33-2) ...
#6 33.31 Setting up libtiff6:arm64 (4.5.0-6+deb12u2) ...
#6 33.33 Setting up libasan8:arm64 (12.2.0-14) ...
#6 33.35 Setting up gpgconf (2.2.40-1.1) ...
#6 33.37 Setting up git-man (1:2.39.5-0+deb12u1) ...
#6 33.39 Setting up libssh2-1:arm64 (1.10.0-3+b1) ...
#6 33.41 Setting up liblockfile1:arm64 (1.17-1+b1) ...
#6 33.43 Setting up libtsan2:arm64 (12.2.0-14) ...
#6 33.45 Setting up libjs-jquery (3.6.1+dfsg+~3.5.14-1) ...
#6 33.49 Setting up libbinutils:arm64 (2.40-2) ...
#6 33.51 Setting up libfido2-1:arm64 (1.12.0-2+b1) ...
#6 33.56 Setting up libisl23:arm64 (0.25-1.1) ...
#6 33.58 Setting up libde265-0:arm64 (1.0.11-1+deb12u2) ...
#6 33.60 Setting up libc-dev-bin (2.36-9+deb12u9) ...
#6 33.62 Setting up libbsd0:arm64 (0.11.7-2) ...
#6 33.64 Setting up libyuv0:arm64 (0.0~git20230123.b2528b0-1) ...
#6 33.66 Setting up libpam-cap:arm64 (1:2.66-4) ...
#6 33.76 debconf: unable to initialize frontend: Dialog
#6 33.76 debconf: (TERM is not set, so the dialog frontend is not usable.)
#6 33.76 debconf: falling back to frontend: Readline
#6 33.77 debconf: unable to initialize frontend: Readline
#6 33.77 debconf: (This frontend requires a controlling tty.)
#6 33.77 debconf: falling back to frontend: Teletype
#6 33.87 Setting up iputils-ping (3:20221126-1+deb12u1) ...
#6 33.92 Setting up publicsuffix (20230209.2326-1) ...
#6 33.93 Setting up libcc1-0:arm64 (12.2.0-14) ...
#6 33.96 Setting up libperl5.36:arm64 (5.36.0-7+deb12u1) ...
#6 33.97 Setting up liblocale-gettext-perl (1.07-5) ...
#6 33.99 Setting up gpg (2.2.40-1.1) ...
#6 34.01 Setting up liblsan0:arm64 (12.2.0-14) ...
#6 34.03 Setting up libitm1:arm64 (12.2.0-14) ...
#6 34.05 Setting up libpython3-stdlib:arm64 (3.11.2-1+b1) ...
#6 34.07 Setting up libjs-underscore (1.13.4~dfsg+~1.11.4-3) ...
#6 34.09 Setting up gnupg-utils (2.2.40-1.1) ...
#6 34.11 Setting up libctf0:arm64 (2.40-2) ...
#6 34.14 Setting up pinentry-curses (1.2.1-1) ...
#6 34.16 Setting up manpages-dev (6.03-2) ...
#6 34.18 Setting up python3.11 (3.11.2-6+deb12u5) ...
#6 35.15 Setting up libxdmcp6:arm64 (1:1.1.2-3) ...
#6 35.17 Setting up cpp-12 (12.2.0-14) ...
#6 35.19 Setting up libxcb1:arm64 (1.15-1) ...
#6 35.21 Setting up gpg-agent (2.2.40-1.1) ...
#6 35.74 Setting up libpython3.11:arm64 (3.11.2-6+deb12u5) ...
#6 35.76 Setting up libavif15:arm64 (0.11.1-1) ...
#6 35.78 Setting up fontconfig-config (2.14.1-4) ...
#6 35.91 debconf: unable to initialize frontend: Dialog
#6 35.91 debconf: (TERM is not set, so the dialog frontend is not usable.)
#6 35.91 debconf: falling back to frontend: Readline
#6 35.91 debconf: unable to initialize frontend: Readline
#6 35.91 debconf: (This frontend requires a controlling tty.)
#6 35.91 debconf: falling back to frontend: Teletype
#6 36.06 Setting up libedit2:arm64 (3.1-20221030-2) ...
#6 36.08 Setting up gpgsm (2.2.40-1.1) ...
#6 36.10 Setting up cron (3.0pl1-162) ...
#6 36.15 invoke-rc.d: could not determine current runlevel
#6 36.15 invoke-rc.d: policy-rc.d denied execution of start.
#6 36.28 Setting up python3 (3.11.2-1+b1) ...
#6 36.29 running python rtupdate hooks for python3.11...
#6 36.29 running python post-rtupdate hooks for python3.11...
#6 36.42 Setting up libldap-2.5-0:arm64 (2.5.13+dfsg-5) ...
#6 36.44 Setting up dirmngr (2.2.40-1.1) ...
#6 36.58 Setting up perl (5.36.0-7+deb12u1) ...
#6 36.62 Setting up libgprofng0:arm64 (2.40-2) ...
#6 36.65 Setting up libunbound8:arm64 (1.17.1-2+deb12u2) ...
#6 36.67 Setting up libfreetype6:arm64 (2.12.1+dfsg-5+deb12u3) ...
#6 36.69 Setting up libgcc-12-dev:arm64 (12.2.0-14) ...
#6 36.72 Setting up libjs-sphinxdoc (5.3.0-4) ...
#6 36.74 Setting up libdpkg-perl (1.21.22) ...
#6 36.76 Setting up libx265-199:arm64 (3.5-2+b1) ...
#6 36.78 Setting up gpg-wks-server (2.2.40-1.1) ...
#6 36.80 Setting up cpp (4:12.2.0-3) ...
#6 36.83 Setting up libc6-dev:arm64 (2.36-9+deb12u9) ...
#6 36.85 Setting up libx11-6:arm64 (2:1.8.4-2+deb12u2) ...
#6 36.88 Setting up libfontconfig1:arm64 (2.14.1-4) ...
#6 36.90 Setting up python3-lib2to3 (3.11.2-3) ...
#6 37.03 Setting up libxmuu1:arm64 (2:1.1.3-3) ...
#6 37.05 Setting up python3-pkg-resources (66.1.1-1+deb12u1) ...
#6 37.35 Setting up python3-distutils (3.11.2-3) ...
#6 37.51 Setting up libgnutls-dane0:arm64 (3.7.9-2+deb12u3) ...
#6 37.55 Setting up exim4-base (4.96-15+deb12u6) ...
#6 37.67 debconf: unable to initialize frontend: Dialog
#6 37.67 debconf: (TERM is not set, so the dialog frontend is not usable.)
#6 37.67 debconf: falling back to frontend: Readline
#6 37.68 debconf: unable to initialize frontend: Readline
#6 37.68 debconf: (This frontend requires a controlling tty.)
#6 37.68 debconf: falling back to frontend: Teletype
#6 37.70 exim: DB upgrade, deleting hints-db
#6 37.89 Setting up python3-setuptools (66.1.1-1+deb12u1) ...
#6 38.44 Setting up libxpm4:arm64 (1:3.5.12-1.1+deb12u1) ...
#6 38.46 Setting up gpg-wks-client (2.2.40-1.1) ...
#6 38.48 Setting up libstdc++-12-dev:arm64 (12.2.0-14) ...
#6 38.50 Setting up libfile-fcntllock-perl (0.22-4+b1) ...
#6 38.52 Setting up libalgorithm-diff-perl (1.201-1) ...
#6 38.54 Setting up openssh-client (1:9.2p1-2+deb12u4) ...
#6 38.66 Setting up libheif1:arm64 (1.15.1-1+deb12u1) ...
#6 38.67 Setting up libpq5:arm64 (15.10-0+deb12u1) ...
#6 38.70 Setting up libxext6:arm64 (2:1.3.4-1+b1) ...
#6 38.72 Setting up binutils-aarch64-linux-gnu (2.40-2) ...
#6 38.73 Setting up libpq-dev (15.10-0+deb12u1) ...
#6 38.75 Setting up libcurl3-gnutls:arm64 (7.88.1-10+deb12u8) ...
#6 38.77 Setting up binutils (2.40-2) ...
#6 38.82 Setting up python3-wheel (0.38.4-2) ...
#6 39.03 Setting up dpkg-dev (1.21.22) ...
#6 39.06 Setting up liberror-perl (0.17029-2) ...
#6 39.08 Setting up libexpat1-dev:arm64 (2.5.0-1+deb12u1) ...
#6 39.10 Setting up gcc-12 (12.2.0-14) ...
#6 39.12 Setting up libgd3:arm64 (2.3.3-9) ...
#6 39.14 Setting up git (1:2.39.5-0+deb12u1) ...
#6 39.17 Setting up python3-pip (23.0.1+dfsg-1) ...
#6 40.44 Setting up zlib1g-dev:arm64 (1:1.2.13.dfsg-1) ...
#6 40.46 Setting up xauth (1:1.1.2-1) ...
#6 40.49 Setting up gnupg (2.2.40-1.1) ...
#6 40.51 Setting up libalgorithm-diff-xs-perl:arm64 (0.04-8+b1) ...
#6 40.53 Setting up exim4-daemon-light (4.96-15+deb12u6) ...
#6 40.63 debconf: unable to initialize frontend: Dialog
#6 40.63 debconf: (TERM is not set, so the dialog frontend is not usable.)
#6 40.63 debconf: falling back to frontend: Readline
#6 40.63 debconf: unable to initialize frontend: Readline
#6 40.63 debconf: (This frontend requires a controlling tty.)
#6 40.63 debconf: falling back to frontend: Teletype
#6 40.65 invoke-rc.d: could not determine current runlevel
#6 40.65 invoke-rc.d: policy-rc.d denied execution of start.
#6 40.70 Setting up libc-devtools (2.36-9+deb12u9) ...
#6 40.74 Setting up libalgorithm-merge-perl (0.08-5) ...
#6 40.75 Setting up g++-12 (12.2.0-14) ...
#6 40.78 Setting up gcc (4:12.2.0-3) ...
#6 40.82 Setting up libpython3.11-dev:arm64 (3.11.2-6+deb12u5) ...
#6 40.84 Setting up bsd-mailx (8.1.2-0.20220412cvs-1) ...
#6 40.86 update-alternatives: using /usr/bin/bsd-mailx to provide /usr/bin/mailx (mailx) in auto mode
#6 40.86 update-alternatives: warning: skip creation of /usr/share/man/man1/mailx.1.gz because associated file /usr/share/man/man1/bsd-mailx.1.gz (of link group mailx) doesn't exist
#6 40.86 update-alternatives: warning: skip creation of /usr/share/man/man1/mail.1.gz because associated file /usr/share/man/man1/bsd-mailx.1.gz (of link group mailx) doesn't exist
#6 40.86 update-alternatives: warning: skip creation of /usr/share/man/man1/Mail.1.gz because associated file /usr/share/man/man1/bsd-mailx.1.gz (of link group mailx) doesn't exist
#6 40.87 Setting up g++ (4:12.2.0-3) ...
#6 40.91 update-alternatives: using /usr/bin/g++ to provide /usr/bin/c++ (c++) in auto mode
#6 40.92 Setting up build-essential (12.9) ...
#6 40.94 Setting up libpython3-dev:arm64 (3.11.2-1+b1) ...
#6 40.96 Setting up python3.11-dev (3.11.2-6+deb12u5) ...
#6 40.98 Setting up python3-dev (3.11.2-1+b1) ...
#6 41.00 Processing triggers for libc-bin (2.36-9+deb12u9) ...
#6 DONE 55.3s

#7 [3/9] RUN useradd -ms /bin/bash tamar_template
#7 DONE 0.7s

#8 [4/9] RUN mkdir -p /home/app &&     chown -R tamar_template:tamar_template /home/app
#8 DONE 0.8s

#9 [5/9] COPY ./app /home/app
#9 DONE 0.4s

#10 [6/9] COPY ./def/cron /etc/cron.d/project-cron
#10 DONE 0.2s

#11 [7/9] RUN chmod 0644 /etc/cron.d/project-cron
#11 DONE 0.5s

#12 [8/9] RUN touch /var/log/cron.log && chmod 0644 /var/log/cron.log
#12 DONE 0.7s

#13 [9/9] RUN pip install --upgrade pip && pip install -r /home/app/requirements.txt
#13 2.491 Requirement already satisfied: pip in /usr/local/lib/python3.9/site-packages (23.0.1)
#13 2.651 Collecting pip
#13 2.703   Downloading pip-24.3.1-py3-none-any.whl (1.8 MB)
#13 2.783       1.8/1.8 MB 23.6 MB/s eta 0:00:00
#13 2.830 Installing collected packages: pip
#13 2.830   Attempting uninstall: pip
#13 2.831     Found existing installation: pip 23.0.1
#13 2.994     Uninstalling pip-23.0.1:
#13 3.146       Successfully uninstalled pip-23.0.1
#13 4.343 Successfully installed pip-24.3.1
#13 4.344 WARNING: Running pip as the 'root' user can result in broken permissions and conflicting behaviour with the system package manager. It is recommended to use a virtual environment instead: https://pip.pypa.io/warnings/venv
#13 5.072 Collecting db_utils@ git+https://github.com/Jonatan-Gani/db_utils.git@8a0f401c633f875299de4d28b646e1e582ac64b7 (from -r /home/app/requirements.txt (line 11))
#13 5.074   Cloning https://github.com/Jonatan-Gani/db_utils.git (to revision 8a0f401c633f875299de4d28b646e1e582ac64b7) to /tmp/pip-install-qgynxwkz/db-utils_2f24f503424b44df9e5966acd204c377
#13 5.078   Running command git clone --filter=blob:none --quiet https://github.com/Jonatan-Gani/db_utils.git /tmp/pip-install-qgynxwkz/db-utils_2f24f503424b44df9e5966acd204c377
#13 5.897   Running command git rev-parse -q --verify 'sha^8a0f401c633f875299de4d28b646e1e582ac64b7'
#13 5.901   Running command git fetch -q https://github.com/Jonatan-Gani/db_utils.git 8a0f401c633f875299de4d28b646e1e582ac64b7
#13 6.225   Running command git checkout -q 8a0f401c633f875299de4d28b646e1e582ac64b7
#13 6.576   Resolved https://github.com/Jonatan-Gani/db_utils.git to commit 8a0f401c633f875299de4d28b646e1e582ac64b7
#13 6.581   Preparing metadata (setup.py): started
#13 6.976   Preparing metadata (setup.py): finished with status 'done'
#13 6.979 Collecting glog@ git+https://github.com/Jonatan-Gani/glog.git@48d911e5110bab96f91eb37f02194957b3b77f1f (from -r /home/app/requirements.txt (line 14))
#13 6.979   Cloning https://github.com/Jonatan-Gani/glog.git (to revision 48d911e5110bab96f91eb37f02194957b3b77f1f) to /tmp/pip-install-qgynxwkz/glog_46458a2f80894b469d85fdd1b60f1c41
#13 6.983   Running command git clone --filter=blob:none --quiet https://github.com/Jonatan-Gani/glog.git /tmp/pip-install-qgynxwkz/glog_46458a2f80894b469d85fdd1b60f1c41
#13 7.827   Running command git rev-parse -q --verify 'sha^48d911e5110bab96f91eb37f02194957b3b77f1f'
#13 7.831   Running command git fetch -q https://github.com/Jonatan-Gani/glog.git 48d911e5110bab96f91eb37f02194957b3b77f1f
#13 8.158   Running command git checkout -q 48d911e5110bab96f91eb37f02194957b3b77f1f
#13 8.475   Resolved https://github.com/Jonatan-Gani/glog.git to commit 48d911e5110bab96f91eb37f02194957b3b77f1f
#13 8.480   Preparing metadata (setup.py): started
#13 8.695   Preparing metadata (setup.py): finished with status 'done'
#13 8.748 Collecting anyio==4.6.0 (from -r /home/app/requirements.txt (line 1))
#13 8.760   Downloading anyio-4.6.0-py3-none-any.whl.metadata (4.6 kB)
#13 8.800 Collecting arabic-reshaper==3.0.0 (from -r /home/app/requirements.txt (line 2))
#13 8.806   Downloading arabic_reshaper-3.0.0-py3-none-any.whl.metadata (12 kB)
#13 8.850 Collecting Babel==2.14.0 (from -r /home/app/requirements.txt (line 3))
#13 8.855   Downloading Babel-2.14.0-py3-none-any.whl.metadata (1.6 kB)
#13 8.917 Collecting beautifulsoup4==4.12.3 (from -r /home/app/requirements.txt (line 4))
#13 8.922   Downloading beautifulsoup4-4.12.3-py3-none-any.whl.metadata (3.8 kB)
#13 9.546 Collecting certifi==2023.11.17 (from -r /home/app/requirements.txt (line 5))
#13 9.551   Downloading certifi-2023.11.17-py3-none-any.whl.metadata (2.2 kB)
#13 9.730 Collecting cffi==1.16.0 (from -r /home/app/requirements.txt (line 6))
#13 9.736   Downloading cffi-1.16.0-cp39-cp39-manylinux_2_17_aarch64.manylinux2014_aarch64.whl.metadata (1.5 kB)
#13 9.872 Collecting charset-normalizer==3.3.2 (from -r /home/app/requirements.txt (line 7))
#13 9.877   Downloading charset_normalizer-3.3.2-cp39-cp39-manylinux_2_17_aarch64.manylinux2014_aarch64.whl.metadata (33 kB)
#13 9.998 Collecting contourpy==1.2.0 (from -r /home/app/requirements.txt (line 8))
#13 10.10   Downloading contourpy-1.2.0-cp39-cp39-manylinux_2_17_aarch64.manylinux2014_aarch64.whl.metadata (5.8 kB)
#13 10.38 Collecting cryptography==42.0.5 (from -r /home/app/requirements.txt (line 9))
#13 10.39   Downloading cryptography-42.0.5-cp39-abi3-manylinux_2_28_aarch64.whl.metadata (5.3 kB)
#13 10.42 Collecting cycler==0.12.1 (from -r /home/app/requirements.txt (line 10))
#13 10.43   Downloading cycler-0.12.1-py3-none-any.whl.metadata (3.8 kB)
#13 10.46 Collecting et-xmlfile==1.1.0 (from -r /home/app/requirements.txt (line 12))
#13 10.46   Downloading et_xmlfile-1.1.0-py3-none-any.whl.metadata (1.8 kB)
#13 10.71 Collecting fonttools==4.47.2 (from -r /home/app/requirements.txt (line 13))
#13 10.82   Downloading fonttools-4.47.2-cp39-cp39-manylinux_2_17_aarch64.manylinux2014_aarch64.whl.metadata (157 kB)
#13 11.05 Collecting greenlet==3.0.3 (from -r /home/app/requirements.txt (line 15))
#13 11.16   Downloading greenlet-3.0.3-cp39-cp39-manylinux_2_17_aarch64.manylinux2014_aarch64.whl.metadata (3.8 kB)
#13 11.20 Collecting h11==0.14.0 (from -r /home/app/requirements.txt (line 16))
#13 11.20   Downloading h11-0.14.0-py3-none-any.whl.metadata (8.2 kB)
#13 11.25 Collecting httpcore==1.0.5 (from -r /home/app/requirements.txt (line 17))
#13 11.26   Downloading httpcore-1.0.5-py3-none-any.whl.metadata (20 kB)
#13 11.31 Collecting httpx==0.27.2 (from -r /home/app/requirements.txt (line 18))
#13 11.32   Downloading httpx-0.27.2-py3-none-any.whl.metadata (7.1 kB)
#13 11.36 Collecting idna==3.5 (from -r /home/app/requirements.txt (line 19))
#13 11.36   Downloading idna-3.5-py3-none-any.whl.metadata (9.9 kB)
#13 11.46 Collecting kiwisolver==1.4.5 (from -r /home/app/requirements.txt (line 20))
#13 11.47   Downloading kiwisolver-1.4.5-cp39-cp39-manylinux_2_17_aarch64.manylinux2014_aarch64.whl.metadata (6.4 kB)
#13 11.75 Collecting lxml==5.1.0 (from -r /home/app/requirements.txt (line 21))
#13 11.76   Downloading lxml-5.1.0-cp39-cp39-manylinux_2_17_aarch64.manylinux2014_aarch64.whl.metadata (3.5 kB)
#13 12.07 Collecting matplotlib==3.8.2 (from -r /home/app/requirements.txt (line 22))
#13 12.08   Downloading matplotlib-3.8.2-cp39-cp39-manylinux_2_17_aarch64.manylinux2014_aarch64.whl.metadata (5.8 kB)
#13 12.17 Collecting mysql-connector-python==8.3.0 (from -r /home/app/requirements.txt (line 23))
#13 12.18   Downloading mysql_connector_python-8.3.0-cp39-cp39-manylinux_2_17_aarch64.whl.metadata (1.9 kB)
#13 12.47 Collecting numpy==1.26.0 (from -r /home/app/requirements.txt (line 24))
#13 12.58   Downloading numpy-1.26.0-cp39-cp39-manylinux_2_17_aarch64.manylinux2014_aarch64.whl.metadata (58 kB)
#13 12.67 Collecting openpyxl==3.1.2 (from -r /home/app/requirements.txt (line 25))
#13 12.68   Downloading openpyxl-3.1.2-py2.py3-none-any.whl.metadata (2.5 kB)
#13 12.73 Collecting packaging==23.2 (from -r /home/app/requirements.txt (line 26))
#13 12.73   Downloading packaging-23.2-py3-none-any.whl.metadata (3.2 kB)
#13 12.86 Collecting panadas==0.2 (from -r /home/app/requirements.txt (line 27))
#13 12.87   Downloading panadas-0.2-py3-none-any.whl.metadata (88 bytes)
#13 13.16 Collecting pandas==2.1.1 (from -r /home/app/requirements.txt (line 28))
#13 13.26   Downloading pandas-2.1.1-cp39-cp39-manylinux_2_17_aarch64.manylinux2014_aarch64.whl.metadata (18 kB)
#13 13.59 Collecting pillow==10.2.0 (from -r /home/app/requirements.txt (line 29))
#13 13.60   Downloading pillow-10.2.0-cp39-cp39-manylinux_2_28_aarch64.whl.metadata (9.7 kB)
#13 13.75 Collecting psutil==5.9.7 (from -r /home/app/requirements.txt (line 30))
#13 13.75   Downloading psutil-5.9.7.tar.gz (498 kB)
#13 13.91   Installing build dependencies: started
#13 16.02   Installing build dependencies: finished with status 'done'
#13 16.02   Getting requirements to build wheel: started
#13 16.40   Getting requirements to build wheel: finished with status 'done'
#13 16.40   Preparing metadata (pyproject.toml): started
#13 16.73   Preparing metadata (pyproject.toml): finished with status 'done'
#13 16.82 Collecting psycopg2==2.9.9 (from -r /home/app/requirements.txt (line 31))
#13 16.82   Downloading psycopg2-2.9.9.tar.gz (384 kB)
#13 16.92   Preparing metadata (setup.py): started
#13 17.20   Preparing metadata (setup.py): finished with status 'done'
#13 17.23 Collecting pycparser==2.22 (from -r /home/app/requirements.txt (line 32))
#13 17.23   Downloading pycparser-2.22-py3-none-any.whl.metadata (943 bytes)
#13 17.27 Collecting PyMySQL==1.1.0 (from -r /home/app/requirements.txt (line 33))
#13 17.28   Downloading PyMySQL-1.1.0-py3-none-any.whl.metadata (4.4 kB)
#13 17.34 Collecting pyparsing==3.1.1 (from -r /home/app/requirements.txt (line 34))
#13 17.34   Downloading pyparsing-3.1.1-py3-none-any.whl.metadata (5.1 kB)
#13 17.45 Collecting python-bidi==0.4.2 (from -r /home/app/requirements.txt (line 35))
#13 17.45   Downloading python_bidi-0.4.2-py2.py3-none-any.whl.metadata (4.6 kB)
#13 17.49 Collecting python-dateutil==2.8.2 (from -r /home/app/requirements.txt (line 36))
#13 17.50   Downloading python_dateutil-2.8.2-py2.py3-none-any.whl.metadata (8.2 kB)
#13 17.56 Collecting python-telegram-bot==21.6 (from -r /home/app/requirements.txt (line 37))
#13 17.57   Downloading python_telegram_bot-21.6-py3-none-any.whl.metadata (17 kB)
#13 17.67 Collecting pytz==2023.3.post1 (from -r /home/app/requirements.txt (line 38))
#13 17.67   Downloading pytz-2023.3.post1-py2.py3-none-any.whl.metadata (22 kB)
#13 17.85 Collecting requests==2.31.0 (from -r /home/app/requirements.txt (line 39))
#13 17.86   Downloading requests-2.31.0-py3-none-any.whl.metadata (4.6 kB)
#13 18.04 Collecting scipy==1.11.4 (from -r /home/app/requirements.txt (line 40))
#13 18.05   Downloading scipy-1.11.4-cp39-cp39-manylinux_2_17_aarch64.manylinux2014_aarch64.whl.metadata (60 kB)
#13 18.10 Collecting six==1.16.0 (from -r /home/app/requirements.txt (line 41))
#13 18.10   Downloading six-1.16.0-py2.py3-none-any.whl.metadata (1.8 kB)
#13 18.15 Collecting sniffio==1.3.1 (from -r /home/app/requirements.txt (line 42))
#13 18.15   Downloading sniffio-1.3.1-py3-none-any.whl.metadata (3.9 kB)
#13 18.20 Collecting soupsieve==2.5 (from -r /home/app/requirements.txt (line 43))
#13 18.20   Downloading soupsieve-2.5-py3-none-any.whl.metadata (4.7 kB)
#13 18.69 Collecting SQLAlchemy==2.0.29 (from -r /home/app/requirements.txt (line 44))
#13 18.70   Downloading SQLAlchemy-2.0.29-cp39-cp39-manylinux_2_17_aarch64.manylinux2014_aarch64.whl.metadata (9.6 kB)
#13 18.84 Collecting tkcalendar==1.6.1 (from -r /home/app/requirements.txt (line 45))
#13 18.85   Downloading tkcalendar-1.6.1-py3-none-any.whl.metadata (22 kB)
#13 18.89 Collecting typing_extensions==4.11.0 (from -r /home/app/requirements.txt (line 46))
#13 18.90   Downloading typing_extensions-4.11.0-py3-none-any.whl.metadata (3.0 kB)
#13 18.93 Collecting tzdata==2023.3 (from -r /home/app/requirements.txt (line 47))
#13 18.94   Downloading tzdata-2023.3-py2.py3-none-any.whl.metadata (1.4 kB)
#13 19.01 Collecting urllib3==2.1.0 (from -r /home/app/requirements.txt (line 48))
#13 19.01   Downloading urllib3-2.1.0-py3-none-any.whl.metadata (6.4 kB)
#13 19.05 Collecting xmltodict==0.13.0 (from -r /home/app/requirements.txt (line 49))
#13 19.05   Downloading xmltodict-0.13.0-py2.py3-none-any.whl.metadata (7.7 kB)
#13 19.10 Collecting exceptiongroup>=1.0.2 (from anyio==4.6.0->-r /home/app/requirements.txt (line 1))
#13 19.15   Downloading exceptiongroup-1.2.2-py3-none-any.whl.metadata (6.6 kB)
#13 19.32 Collecting importlib-resources>=3.2.0 (from matplotlib==3.8.2->-r /home/app/requirements.txt (line 22))
#13 19.32   Downloading importlib_resources-6.5.2-py3-none-any.whl.metadata (3.9 kB)
#13 19.51 Collecting zipp>=3.1.0 (from importlib-resources>=3.2.0->matplotlib==3.8.2->-r /home/app/requirements.txt (line 22))
#13 19.51   Downloading zipp-3.21.0-py3-none-any.whl.metadata (3.7 kB)
#13 19.54 Downloading anyio-4.6.0-py3-none-any.whl (89 kB)
#13 19.56 Downloading arabic_reshaper-3.0.0-py3-none-any.whl (20 kB)
#13 19.58 Downloading Babel-2.14.0-py3-none-any.whl (11.0 MB)
#13 20.13     11.0/11.0 MB 19.9 MB/s eta 0:00:00
#13 20.13 Downloading beautifulsoup4-4.12.3-py3-none-any.whl (147 kB)
#13 20.16 Downloading certifi-2023.11.17-py3-none-any.whl (162 kB)
#13 20.29 Downloading cffi-1.16.0-cp39-cp39-manylinux_2_17_aarch64.manylinux2014_aarch64.whl (444 kB)
#13 20.33 Downloading charset_normalizer-3.3.2-cp39-cp39-manylinux_2_17_aarch64.manylinux2014_aarch64.whl (138 kB)
#13 20.36 Downloading contourpy-1.2.0-cp39-cp39-manylinux_2_17_aarch64.manylinux2014_aarch64.whl (292 kB)
#13 20.50 Downloading cryptography-42.0.5-cp39-abi3-manylinux_2_28_aarch64.whl (4.4 MB)
#13 20.95     4.4/4.4 MB 9.2 MB/s eta 0:00:00
#13 20.96 Downloading cycler-0.12.1-py3-none-any.whl (8.3 kB)
#13 20.97 Downloading et_xmlfile-1.1.0-py3-none-any.whl (4.7 kB)
#13 21.09 Downloading fonttools-4.47.2-cp39-cp39-manylinux_2_17_aarch64.manylinux2014_aarch64.whl (4.5 MB)
#13 21.63     4.5/4.5 MB 8.2 MB/s eta 0:00:00
#13 21.63 Downloading greenlet-3.0.3-cp39-cp39-manylinux_2_17_aarch64.manylinux2014_aarch64.whl (650 kB)
#13 21.67     650.2/650.2 kB 11.4 MB/s eta 0:00:00
#13 21.68 Downloading h11-0.14.0-py3-none-any.whl (58 kB)
#13 21.69 Downloading httpcore-1.0.5-py3-none-any.whl (77 kB)
#13 21.72 Downloading httpx-0.27.2-py3-none-any.whl (76 kB)
#13 21.74 Downloading idna-3.5-py3-none-any.whl (61 kB)
#13 21.86 Downloading kiwisolver-1.4.5-cp39-cp39-manylinux_2_17_aarch64.manylinux2014_aarch64.whl (1.4 MB)
#13 21.93     1.4/1.4 MB 17.8 MB/s eta 0:00:00
#13 22.05 Downloading lxml-5.1.0-cp39-cp39-manylinux_2_17_aarch64.manylinux2014_aarch64.whl (7.8 MB)
#13 22.65     7.8/7.8 MB 12.7 MB/s eta 0:00:00
#13 22.66 Downloading matplotlib-3.8.2-cp39-cp39-manylinux_2_17_aarch64.manylinux2014_aarch64.whl (11.4 MB)
#13 23.63     11.4/11.4 MB 11.6 MB/s eta 0:00:00
#13 23.64 Downloading mysql_connector_python-8.3.0-cp39-cp39-manylinux_2_17_aarch64.whl (21.1 MB)
#13 25.12     21.1/21.1 MB 14.2 MB/s eta 0:00:00
#13 25.24 Downloading numpy-1.26.0-cp39-cp39-manylinux_2_17_aarch64.manylinux2014_aarch64.whl (14.2 MB)
#13 26.24     14.2/14.2 MB 13.9 MB/s eta 0:00:00
#13 26.25 Downloading openpyxl-3.1.2-py2.py3-none-any.whl (249 kB)
#13 26.29 Downloading packaging-23.2-py3-none-any.whl (53 kB)
#13 26.31 Downloading panadas-0.2-py3-none-any.whl (4.9 kB)
#13 26.45 Downloading pandas-2.1.1-cp39-cp39-manylinux_2_17_aarch64.manylinux2014_aarch64.whl (14.9 MB)
#13 41.65                                     3.1/14.9 MB 16.7 MB/s eta 0:00:01
#13 41.66 ERROR: Exception:
#13 41.66 Traceback (most recent call last):
#13 41.66   File "/usr/local/lib/python3.9/site-packages/pip/_vendor/urllib3/response.py", line 438, in _error_catcher
#13 41.66     yield
#13 41.66   File "/usr/local/lib/python3.9/site-packages/pip/_vendor/urllib3/response.py", line 561, in read
#13 41.66     data = self._fp_read(amt) if not fp_closed else b""
#13 41.66   File "/usr/local/lib/python3.9/site-packages/pip/_vendor/urllib3/response.py", line 527, in _fp_read
#13 41.66     return self._fp.read(amt) if amt is not None else self._fp.read()
#13 41.66   File "/usr/local/lib/python3.9/site-packages/pip/_vendor/cachecontrol/filewrapper.py", line 98, in read
#13 41.66     data: bytes = self.__fp.read(amt)
#13 41.66   File "/usr/local/lib/python3.9/http/client.py", line 463, in read
#13 41.66     n = self.readinto(b)
#13 41.66   File "/usr/local/lib/python3.9/http/client.py", line 507, in readinto
#13 41.66     n = self.fp.readinto(b)
#13 41.66   File "/usr/local/lib/python3.9/socket.py", line 716, in readinto
#13 41.66     return self._sock.recv_into(b)
#13 41.66   File "/usr/local/lib/python3.9/ssl.py", line 1275, in recv_into
#13 41.66     return self.read(nbytes, buffer)
#13 41.66   File "/usr/local/lib/python3.9/ssl.py", line 1133, in read
#13 41.66     return self._sslobj.read(len, buffer)
#13 41.66 socket.timeout: The read operation timed out
#13 41.66 
#13 41.66 During handling of the above exception, another exception occurred:
#13 41.66 
#13 41.66 Traceback (most recent call last):
#13 41.66   File "/usr/local/lib/python3.9/site-packages/pip/_internal/cli/base_command.py", line 105, in _run_wrapper
#13 41.66     status = _inner_run()
#13 41.66   File "/usr/local/lib/python3.9/site-packages/pip/_internal/cli/base_command.py", line 96, in _inner_run
#13 41.66     return self.run(options, args)
#13 41.66   File "/usr/local/lib/python3.9/site-packages/pip/_internal/cli/req_command.py", line 67, in wrapper
#13 41.66     return func(self, options, args)
#13 41.66   File "/usr/local/lib/python3.9/site-packages/pip/_internal/commands/install.py", line 379, in run
#13 41.66     requirement_set = resolver.resolve(
#13 41.66   File "/usr/local/lib/python3.9/site-packages/pip/_internal/resolution/resolvelib/resolver.py", line 179, in resolve
#13 41.66     self.factory.preparer.prepare_linked_requirements_more(reqs)
#13 41.66   File "/usr/local/lib/python3.9/site-packages/pip/_internal/operations/prepare.py", line 554, in prepare_linked_requirements_more
#13 41.66     self._complete_partial_requirements(
#13 41.66   File "/usr/local/lib/python3.9/site-packages/pip/_internal/operations/prepare.py", line 469, in _complete_partial_requirements
#13 41.66     for link, (filepath, _) in batch_download:
#13 41.66   File "/usr/local/lib/python3.9/site-packages/pip/_internal/network/download.py", line 184, in __call__
#13 41.66     for chunk in chunks:
#13 41.66   File "/usr/local/lib/python3.9/site-packages/pip/_internal/cli/progress_bars.py", line 55, in _rich_progress_bar
#13 41.66     for chunk in iterable:
#13 41.66   File "/usr/local/lib/python3.9/site-packages/pip/_internal/network/utils.py", line 65, in response_chunks
#13 41.66     for chunk in response.raw.stream(
#13 41.66   File "/usr/local/lib/python3.9/site-packages/pip/_vendor/urllib3/response.py", line 622, in stream
#13 41.66     data = self.read(amt=amt, decode_content=decode_content)
#13 41.66   File "/usr/local/lib/python3.9/site-packages/pip/_vendor/urllib3/response.py", line 587, in read
#13 41.66     raise IncompleteRead(self._fp_bytes_read, self.length_remaining)
#13 41.66   File "/usr/local/lib/python3.9/contextlib.py", line 137, in __exit__
#13 41.66     self.gen.throw(typ, value, traceback)
#13 41.66   File "/usr/local/lib/python3.9/site-packages/pip/_vendor/urllib3/response.py", line 443, in _error_catcher
#13 41.66     raise ReadTimeoutError(self._pool, None, "Read timed out.")
#13 41.66 pip._vendor.urllib3.exceptions.ReadTimeoutError: HTTPSConnectionPool(host='files.pythonhosted.org', port=443): Read timed out.
#13 ERROR: process "/bin/sh -c pip install --upgrade pip && pip install -r /home/app/requirements.txt" did not complete successfully: exit code: 2
------
 > [9/9] RUN pip install --upgrade pip && pip install -r /home/app/requirements.txt:
41.66     for chunk in response.raw.stream(
41.66   File "/usr/local/lib/python3.9/site-packages/pip/_vendor/urllib3/response.py", line 622, in stream
41.66     data = self.read(amt=amt, decode_content=decode_content)
41.66   File "/usr/local/lib/python3.9/site-packages/pip/_vendor/urllib3/response.py", line 587, in read
41.66     raise IncompleteRead(self._fp_bytes_read, self.length_remaining)
41.66   File "/usr/local/lib/python3.9/contextlib.py", line 137, in __exit__
41.66     self.gen.throw(typ, value, traceback)
41.66   File "/usr/local/lib/python3.9/site-packages/pip/_vendor/urllib3/response.py", line 443, in _error_catcher
41.66     raise ReadTimeoutError(self._pool, None, "Read timed out.")
41.66 pip._vendor.urllib3.exceptions.ReadTimeoutError: HTTPSConnectionPool(host='files.pythonhosted.org', port=443): Read timed out.
------
Dockerfile.temp:31
--------------------
  29 |     
  30 |     # Update pip and install Python dependencies
  31 | >>> RUN pip install --upgrade pip && pip install -r /home/app/requirements.txt
  32 |     
  33 |     # Start cron in the foreground as root
--------------------
ERROR: failed to solve: process "/bin/sh -c pip install --upgrade pip && pip install -r /home/app/requirements.txt" did not complete successfully: exit code: 2
2025-01-21 12:02:01 - Error: Failed to build the Docker image.
2025-01-21 12:02:01 - build_docker.sh FAILED. Exit code: 1.
2025-01-21 12:02:01 - Update process terminated at build_docker.sh
2025-01-21 12:25:48 - Using configuration:
2025-01-21 12:25:48 -    - Container Name: tamar_template
2025-01-21 12:25:48 -    - Image Name: test_image
2025-01-21 12:25:48 -    - Network Name: Nelly_Network
2025-01-21 12:25:48 - Starting update process for container: tamar_template
2025-01-21 12:25:48 - Checking permissions for scripts in /home/Jonatan/Nelly/containers/template/update_scripts...
2025-01-21 12:25:48 - Starting config_mng.sh...
2025-01-21 12:25:48 - Checked if the script exists...
Configuration management Started ...
2025-01-21 12:25:48 - Synchronizing configurations from Nelly_config.json to config.json...
2025-01-21 12:25:49 - Configurations synchronized successfully.
2025-01-21 12:25:49 - Configuration management completed - SUCCESS.
2025-01-21 12:25:49 - config_mng.sh completed successfully.
2025-01-21 12:25:49 - Starting update_app.sh...
2025-01-21 12:25:49 - Checked if the script exists...
Starting Application Update...
Do you want to update the repository content in the app folder? (y/n): 2025-01-21 12:25:51 - Fetching repository content for app (tamar_template) from git@github.com:Jonatan-Gani/tamar_template.git (branch: master)...
2025-01-21 12:25:51 - Cleaning up existing app directory...
2025-01-21 12:25:51 - Cloning repository...
Cloning into '/home/Jonatan/Nelly/containers/template/update_scripts/../temp_repo'...
2025-01-21 12:25:52 - Copying repository content to app folder...
sending incremental file list
./
.gitignore
Read me.txt
Refresh requierment.bat
config.json
requirements.txt
test_table.py

sent 3,701 bytes  received 133 bytes  7,668.00 bytes/sec
total size is 3,224  speedup is 0.84
2025-01-21 12:25:52 - Cleaning up temporary directory...
2025-01-21 12:25:52 - Repository content updated successfully.
2025-01-21 12:25:52 - Application content update process SUCCESS.
2025-01-21 12:25:52 - update_app.sh completed successfully.
2025-01-21 12:25:52 - Starting build_docker.sh...
2025-01-21 12:25:52 - Checked if the script exists...
Starting Docker image build...
2025-01-21 12:25:52 - Docker image (test_image) already exists.
The image 'test_image' already exists. Do you want to overwrite it? (y/n): 2025-01-21 12:26:03 - Build process aborted by user.
Aborted
2025-01-21 12:26:03 - build_docker.sh completed successfully.
2025-01-21 12:26:03 - Starting manage_docker.sh...
2025-01-21 12:26:03 - Checked if the script exists...
Starting Docker container management...
2025-01-21 12:26:03 - A container with the name (tamar_template) already exists.
The container 'tamar_template' already exists. Do you want to stop and remove it? (y/n): 2025-01-21 12:26:08 - Stopping and removing existing container (tamar_template)...
tamar_template
tamar_template
2025-01-21 12:26:08 - Network (Nelly_Network) already exists.
2025-01-21 12:26:08 - Running Docker container (tamar_template)...
1b096e6ca1c0f7a05c0d317f0113a89b81d819be743f0f2d840529d5d800e59d
docker: Error response from daemon: Address already in use.
2025-01-21 12:26:09 - Error: Failed to run the Docker container.
2025-01-21 12:26:09 - manage_docker.sh FAILED. Exit code: 1.
2025-01-21 12:26:09 - Update process terminated at manage_docker.sh
2025-01-21 12:33:32 - Using configuration:
2025-01-21 12:33:32 -    - Container Name: tamar_template
2025-01-21 12:33:32 -    - Image Name: test_image
2025-01-21 12:33:32 -    - Network Name: Nelly_Network
2025-01-21 12:33:32 - Starting update process for container: tamar_template
2025-01-21 12:33:32 - Checking permissions for scripts in /home/Jonatan/Nelly/containers/template/update_scripts...
2025-01-21 12:33:32 - Starting config_mng.sh...
2025-01-21 12:33:32 - Checked if the script exists...
Configuration management Started ...
2025-01-21 12:33:32 - Synchronizing configurations from Nelly_config.json to config.json...
2025-01-21 12:33:32 - Configurations synchronized successfully.
2025-01-21 12:33:32 - Configuration management completed - SUCCESS.
2025-01-21 12:33:32 - config_mng.sh completed successfully.
2025-01-21 12:33:32 - Starting update_app.sh...
2025-01-21 12:33:32 - Checked if the script exists...
Starting Application Update...
Do you want to update the repository content in the app folder? (y/n): 2025-01-21 12:33:35 - Skipped repository content update.
2025-01-21 12:33:35 - Application content update process SUCCESS.
2025-01-21 12:33:35 - update_app.sh completed successfully.
2025-01-21 12:33:35 - Starting build_docker.sh...
2025-01-21 12:33:35 - Checked if the script exists...
Starting Docker image build...
2025-01-21 12:33:35 - Docker image (test_image) already exists.
The image 'test_image' already exists. Do you want to overwrite it? (y/n): 2025-01-21 12:33:37 - Build process aborted by user.
Aborted
2025-01-21 12:33:37 - build_docker.sh completed successfully.
2025-01-21 12:33:37 - Starting manage_docker.sh...
2025-01-21 12:33:37 - Checked if the script exists...
Starting Docker container management...
2025-01-21 12:33:38 - Network (Nelly_Network) already exists.
2025-01-21 12:33:38 - Running Docker container (tamar_template)...
6b792a6a83c38da2870a2a78b12c2a97d122c39d60c7e72452badf6b281c66a3
2025-01-21 12:33:38 - Docker container (tamar_template) is now running.
SUCCESS
2025-01-21 12:33:38 - manage_docker.sh completed successfully.
2025-01-21 12:33:38 - Starting log_cleanup.sh...
2025-01-21 12:33:38 - Error: Script log_cleanup.sh does not exist at /home/Jonatan/Nelly/containers/template/update_scripts/log_cleanup.sh.
2025-01-21 12:33:38 - Update process terminated at log_cleanup.sh
2025-01-21 12:35:16 - Using configuration:
2025-01-21 12:35:16 -    - Container Name: tamar_template
2025-01-21 12:35:16 -    - Image Name: test_image
2025-01-21 12:35:16 -    - Network Name: Nelly_Network
2025-01-21 12:35:16 - Starting update process for container: tamar_template
2025-01-21 12:35:16 - Checking permissions for scripts in /home/Jonatan/Nelly/containers/template/update_scripts...
2025-01-21 12:35:16 - Starting config_mng.sh...
2025-01-21 12:35:16 - Checked if the script exists...
Configuration management Started ...
2025-01-21 12:35:17 - Synchronizing configurations from Nelly_config.json to config.json...
2025-01-21 12:35:17 - Configurations synchronized successfully.
2025-01-21 12:35:17 - Configuration management completed - SUCCESS.
2025-01-21 12:35:17 - config_mng.sh completed successfully.
2025-01-21 12:35:17 - Starting update_app.sh...
2025-01-21 12:35:17 - Checked if the script exists...
Starting Application Update...
Do you want to update the repository content in the app folder? (y/n): 2025-01-21 12:35:19 - Skipped repository content update.
2025-01-21 12:35:19 - Application content update process SUCCESS.
2025-01-21 12:35:19 - update_app.sh completed successfully.
2025-01-21 12:35:19 - Starting build_docker.sh...
2025-01-21 12:35:19 - Checked if the script exists...
Starting Docker image build...
2025-01-21 12:35:19 - Docker image (test_image) already exists.
The image 'test_image' already exists. Do you want to overwrite it? (y/n): 2025-01-21 12:35:22 - Build process aborted by user.
Aborted
2025-01-21 12:35:22 - build_docker.sh completed successfully.
2025-01-21 12:35:22 - Starting manage_docker.sh...
2025-01-21 12:35:22 - Checked if the script exists...
Starting Docker container management...
2025-01-21 12:35:23 - A container with the name (tamar_template) already exists.
The container 'tamar_template' already exists. Do you want to stop and remove it? (y/n): 2025-01-21 12:35:27 - Stopping and removing existing container (tamar_template)...
tamar_template
tamar_template
2025-01-21 12:35:38 - Network (Nelly_Network) already exists.
2025-01-21 12:35:38 - Running Docker container (tamar_template)...
17eef26bd74d4d9e2a142554dd1f2cf303f737e323a8e11dc005b9d9f7dfb3ab
2025-01-21 12:35:38 - Docker container (tamar_template) is now running.
SUCCESS
2025-01-21 12:35:38 - manage_docker.sh completed successfully.
2025-01-21 12:35:38 - Starting log_cleanup.sh...
2025-01-21 12:35:38 - Checked if the script exists...
Starting log cleanup...
2025-01-21 12:35:38 - Cleaning up old logs...
2025-01-21 12:35:38 - Log cleanup completed.
SUCCESS
2025-01-21 12:35:38 - log_cleanup.sh completed successfully.
2025-01-21 12:35:38 - Update process completed successfully for container: tamar_template
